
*** Running vivado
    with args -log design_02_wrapper.vdi -applog -m64 -product Vivado -messageDb vivado.pb -mode batch -source design_02_wrapper.tcl -notrace



****** Vivado v2020.1 (64-bit)
  **** SW Build 2902540 on Wed May 27 19:54:49 MDT 2020
  **** IP Build 2902112 on Wed May 27 22:43:36 MDT 2020
    ** Copyright 1986-2020 Xilinx, Inc. All Rights Reserved.

source design_02_wrapper.tcl -notrace
INFO: [IP_Flow 19-234] Refreshing IP repositories
INFO: [IP_Flow 19-1704] No user IP repositories specified
INFO: [IP_Flow 19-2313] Loaded Vivado IP repository 'C:/Users/arify/Prog_4_user/Xlixv20_1/Vivado/2020.1/data/ip'.
Command: link_design -top design_02_wrapper -part xc7z020clg484-1
Design is defaulting to srcset: sources_1
Design is defaulting to constrset: constrs_1
INFO: [Device 21-403] Loading part xc7z020clg484-1
INFO: [Project 1-454] Reading design checkpoint 'c:/Users/arify/WorkSpace/ZEDboard_vhdlNc/project_08/project_08.srcs/sources_1/bd/design_02/ip/design_02_processing_system7_0_0/design_02_processing_system7_0_0.dcp' for cell 'design_02_i/processing_system7_0'
INFO: [Project 1-454] Reading design checkpoint 'c:/Users/arify/WorkSpace/ZEDboard_vhdlNc/project_08/project_08.srcs/sources_1/bd/design_02/ip/design_02_t07_debounce_top_0_0/design_02_t07_debounce_top_0_0.dcp' for cell 'design_02_i/t07_debounce_top_0'
INFO: [Project 1-454] Reading design checkpoint 'c:/Users/arify/WorkSpace/ZEDboard_vhdlNc/project_08/project_08.srcs/sources_1/bd/design_02/ip/design_02_util_vector_logic_0_0/design_02_util_vector_logic_0_0.dcp' for cell 'design_02_i/util_vector_logic_0'
Netlist sorting complete. Time (s): cpu = 00:00:00 ; elapsed = 00:00:00.039 . Memory (MB): peak = 1100.102 ; gain = 0.000
INFO: [Netlist 29-17] Analyzing 9 Unisim elements for replacement
INFO: [Netlist 29-28] Unisim Transformation completed in 0 CPU seconds
INFO: [Project 1-479] Netlist was created with Vivado 2020.1
INFO: [Project 1-570] Preparing netlist for logic optimization
Parsing XDC File [c:/Users/arify/WorkSpace/ZEDboard_vhdlNc/project_08/project_08.srcs/sources_1/bd/design_02/ip/design_02_processing_system7_0_0/design_02_processing_system7_0_0.xdc] for cell 'design_02_i/processing_system7_0/inst'
Finished Parsing XDC File [c:/Users/arify/WorkSpace/ZEDboard_vhdlNc/project_08/project_08.srcs/sources_1/bd/design_02/ip/design_02_processing_system7_0_0/design_02_processing_system7_0_0.xdc] for cell 'design_02_i/processing_system7_0/inst'
Parsing XDC File [C:/Users/arify/WorkSpace/ZEDboard_vhdlNc/project_07/project_07.srcs/constrs_1/new/btn_led_cstrn.xdc]
Finished Parsing XDC File [C:/Users/arify/WorkSpace/ZEDboard_vhdlNc/project_07/project_07.srcs/constrs_1/new/btn_led_cstrn.xdc]
INFO: [Opt 31-138] Pushed 0 inverter(s) to 0 load pin(s).
Netlist sorting complete. Time (s): cpu = 00:00:00 ; elapsed = 00:00:00 . Memory (MB): peak = 1100.102 ; gain = 0.000
INFO: [Project 1-111] Unisim Transformation Summary:
No Unisim elements were transformed.

13 Infos, 0 Warnings, 0 Critical Warnings and 0 Errors encountered.
link_design completed successfully
link_design: Time (s): cpu = 00:00:05 ; elapsed = 00:00:18 . Memory (MB): peak = 1100.102 ; gain = 0.000
Command: opt_design
Attempting to get a license for feature 'Implementation' and/or device 'xc7z020'
INFO: [Common 17-349] Got license for feature 'Implementation' and/or device 'xc7z020'
Running DRC as a precondition to command opt_design

Starting DRC Task
INFO: [DRC 23-27] Running DRC with 2 threads
INFO: [Project 1-461] DRC finished with 0 Errors
INFO: [Project 1-462] Please refer to the DRC report (report_drc) for more information.

Time (s): cpu = 00:00:02 ; elapsed = 00:00:01 . Memory (MB): peak = 1100.102 ; gain = 0.000

Starting Cache Timing Information Task
INFO: [Timing 38-35] Done setting XDC timing constraints.
Ending Cache Timing Information Task | Checksum: 17307dc19

Time (s): cpu = 00:00:08 ; elapsed = 00:00:12 . Memory (MB): peak = 1457.793 ; gain = 357.691

Starting Logic Optimization Task

Phase 1 Retarget
INFO: [Opt 31-138] Pushed 1 inverter(s) to 3 load pin(s).
INFO: [Opt 31-49] Retargeted 0 cell(s).
Phase 1 Retarget | Checksum: 1d21b5688

Time (s): cpu = 00:00:00 ; elapsed = 00:00:00.094 . Memory (MB): peak = 1663.383 ; gain = 0.000
INFO: [Opt 31-389] Phase Retarget created 0 cells and removed 24 cells

Phase 2 Constant propagation
INFO: [Opt 31-138] Pushed 0 inverter(s) to 0 load pin(s).
Phase 2 Constant propagation | Checksum: 1d21b5688

Time (s): cpu = 00:00:00 ; elapsed = 00:00:00.104 . Memory (MB): peak = 1663.383 ; gain = 0.000
INFO: [Opt 31-389] Phase Constant propagation created 0 cells and removed 0 cells

Phase 3 Sweep
Phase 3 Sweep | Checksum: 158a7ad40

Time (s): cpu = 00:00:00 ; elapsed = 00:00:00.355 . Memory (MB): peak = 1663.383 ; gain = 0.000
INFO: [Opt 31-389] Phase Sweep created 0 cells and removed 89 cells

Phase 4 BUFG optimization
Phase 4 BUFG optimization | Checksum: 158a7ad40

Time (s): cpu = 00:00:00 ; elapsed = 00:00:00.364 . Memory (MB): peak = 1663.383 ; gain = 0.000
INFO: [Opt 31-662] Phase BUFG optimization created 0 cells of which 0 are BUFGs and removed 0 cells.

Phase 5 Shift Register Optimization
INFO: [Opt 31-1064] SRL Remap converted 0 SRLs to 0 registers and converted 0 registers of register chains to 0 SRLs
Phase 5 Shift Register Optimization | Checksum: 158a7ad40

Time (s): cpu = 00:00:00 ; elapsed = 00:00:00.374 . Memory (MB): peak = 1663.383 ; gain = 0.000
INFO: [Opt 31-389] Phase Shift Register Optimization created 0 cells and removed 0 cells

Phase 6 Post Processing Netlist
Phase 6 Post Processing Netlist | Checksum: 158a7ad40

Time (s): cpu = 00:00:00 ; elapsed = 00:00:00.379 . Memory (MB): peak = 1663.383 ; gain = 0.000
INFO: [Opt 31-389] Phase Post Processing Netlist created 0 cells and removed 0 cells
Opt_design Change Summary
=========================


-------------------------------------------------------------------------------------------------------------------------
|  Phase                        |  #Cells created  |  #Cells Removed  |  #Constrained objects preventing optimizations  |
-------------------------------------------------------------------------------------------------------------------------
|  Retarget                     |               0  |              24  |                                              0  |
|  Constant propagation         |               0  |               0  |                                              0  |
|  Sweep                        |               0  |              89  |                                              0  |
|  BUFG optimization            |               0  |               0  |                                              0  |
|  Shift Register Optimization  |               0  |               0  |                                              0  |
|  Post Processing Netlist      |               0  |               0  |                                              0  |
-------------------------------------------------------------------------------------------------------------------------



Starting Connectivity Check Task

Time (s): cpu = 00:00:00 ; elapsed = 00:00:00.002 . Memory (MB): peak = 1663.383 ; gain = 0.000
Ending Logic Optimization Task | Checksum: aca4c735

Time (s): cpu = 00:00:00 ; elapsed = 00:00:00.424 . Memory (MB): peak = 1663.383 ; gain = 0.000

Starting Power Optimization Task
INFO: [Pwropt 34-132] Skipping clock gating for clocks with a period < 2.00 ns.
Ending Power Optimization Task | Checksum: aca4c735

Time (s): cpu = 00:00:00 ; elapsed = 00:00:00.012 . Memory (MB): peak = 1663.383 ; gain = 0.000

Starting Final Cleanup Task
Ending Final Cleanup Task | Checksum: aca4c735

Time (s): cpu = 00:00:00 ; elapsed = 00:00:00 . Memory (MB): peak = 1663.383 ; gain = 0.000

Starting Netlist Obfuscation Task
Netlist sorting complete. Time (s): cpu = 00:00:00 ; elapsed = 00:00:00 . Memory (MB): peak = 1663.383 ; gain = 0.000
Ending Netlist Obfuscation Task | Checksum: aca4c735

Time (s): cpu = 00:00:00 ; elapsed = 00:00:00 . Memory (MB): peak = 1663.383 ; gain = 0.000
INFO: [Common 17-83] Releasing license: Implementation
30 Infos, 0 Warnings, 0 Critical Warnings and 0 Errors encountered.
opt_design completed successfully
opt_design: Time (s): cpu = 00:00:12 ; elapsed = 00:00:16 . Memory (MB): peak = 1663.383 ; gain = 563.281
INFO: [Timing 38-480] Writing timing data to binary archive.
Writing placer database...
Writing XDEF routing.
Writing XDEF routing logical nets.
Writing XDEF routing special nets.
Write XDEF Complete: Time (s): cpu = 00:00:00 ; elapsed = 00:00:00.098 . Memory (MB): peak = 1663.383 ; gain = 0.000
INFO: [Common 17-1381] The checkpoint 'C:/Users/arify/WorkSpace/ZEDboard_vhdlNc/project_08/project_08.runs/impl_1/design_02_wrapper_opt.dcp' has been generated.
INFO: [runtcl-4] Executing : report_drc -file design_02_wrapper_drc_opted.rpt -pb design_02_wrapper_drc_opted.pb -rpx design_02_wrapper_drc_opted.rpx
Command: report_drc -file design_02_wrapper_drc_opted.rpt -pb design_02_wrapper_drc_opted.pb -rpx design_02_wrapper_drc_opted.rpx
INFO: [IP_Flow 19-1839] IP Catalog is up to date.
INFO: [DRC 23-27] Running DRC with 2 threads
INFO: [Coretcl 2-168] The results of DRC are in file C:/Users/arify/WorkSpace/ZEDboard_vhdlNc/project_08/project_08.runs/impl_1/design_02_wrapper_drc_opted.rpt.
report_drc completed successfully
Command: place_design
Attempting to get a license for feature 'Implementation' and/or device 'xc7z020'
INFO: [Common 17-349] Got license for feature 'Implementation' and/or device 'xc7z020'
INFO: [DRC 23-27] Running DRC with 2 threads
INFO: [Vivado_Tcl 4-198] DRC finished with 0 Errors
INFO: [Vivado_Tcl 4-199] Please refer to the DRC report (report_drc) for more information.
Running DRC as a precondition to command place_design
INFO: [DRC 23-27] Running DRC with 2 threads
INFO: [Vivado_Tcl 4-198] DRC finished with 0 Errors
INFO: [Vivado_Tcl 4-199] Please refer to the DRC report (report_drc) for more information.

Starting Placer Task
INFO: [Place 30-611] Multithreading enabled for place_design using a maximum of 2 CPUs

Phase 1 Placer Initialization

Phase 1.1 Placer Initialization Netlist Sorting
Netlist sorting complete. Time (s): cpu = 00:00:00 ; elapsed = 00:00:00.001 . Memory (MB): peak = 1671.047 ; gain = 0.000
Phase 1.1 Placer Initialization Netlist Sorting | Checksum: 36007512

Time (s): cpu = 00:00:00 ; elapsed = 00:00:00.016 . Memory (MB): peak = 1671.047 ; gain = 0.000
Netlist sorting complete. Time (s): cpu = 00:00:00 ; elapsed = 00:00:00 . Memory (MB): peak = 1671.047 ; gain = 0.000

Phase 1.2 IO Placement/ Clock Placement/ Build Placer Device
INFO: [Timing 38-35] Done setting XDC timing constraints.
Phase 1.2 IO Placement/ Clock Placement/ Build Placer Device | Checksum: c92a9882

Time (s): cpu = 00:00:01 ; elapsed = 00:00:00.863 . Memory (MB): peak = 1677.160 ; gain = 6.113

Phase 1.3 Build Placer Netlist Model
Phase 1.3 Build Placer Netlist Model | Checksum: 159dd4120

Time (s): cpu = 00:00:01 ; elapsed = 00:00:01 . Memory (MB): peak = 1677.160 ; gain = 6.113

Phase 1.4 Constrain Clocks/Macros
Phase 1.4 Constrain Clocks/Macros | Checksum: 159dd4120

Time (s): cpu = 00:00:01 ; elapsed = 00:00:01 . Memory (MB): peak = 1677.160 ; gain = 6.113
Phase 1 Placer Initialization | Checksum: 159dd4120

Time (s): cpu = 00:00:01 ; elapsed = 00:00:01 . Memory (MB): peak = 1677.160 ; gain = 6.113

Phase 2 Global Placement

Phase 2.1 Floorplanning
Phase 2.1 Floorplanning | Checksum: 14862770f

Time (s): cpu = 00:00:01 ; elapsed = 00:00:01 . Memory (MB): peak = 1677.160 ; gain = 6.113

Phase 2.2 Global Placement Core

Phase 2.2.1 Physical Synthesis In Placer
INFO: [Physopt 32-1035] Found 0 LUTNM shape to break, 3 LUT instances to create LUTNM shape
INFO: [Physopt 32-1044] Break lutnm for timing: one critical 0, two critical 0, total 0, new lutff created 0
INFO: [Physopt 32-775] End 1 Pass. Optimized 1 net or cell. Created 0 new cell, deleted 1 existing cell and moved 0 existing cell
INFO: [Physopt 32-65] No nets found for high-fanout optimization.
INFO: [Physopt 32-232] Optimized 0 net. Created 0 new instance.
INFO: [Physopt 32-775] End 1 Pass. Optimized 0 net or cell. Created 0 new cell, deleted 0 existing cell and moved 0 existing cell
INFO: [Physopt 32-670] No setup violation found.  DSP Register Optimization was not performed.
INFO: [Physopt 32-670] No setup violation found.  Shift Register to Pipeline Optimization was not performed.
INFO: [Physopt 32-670] No setup violation found.  Shift Register Optimization was not performed.
INFO: [Physopt 32-670] No setup violation found.  BRAM Register Optimization was not performed.
INFO: [Physopt 32-670] No setup violation found.  URAM Register Optimization was not performed.
INFO: [Physopt 32-949] No candidate nets found for HD net replication
INFO: [Physopt 32-775] End 1 Pass. Optimized 0 net or cell. Created 0 new cell, deleted 0 existing cell and moved 0 existing cell
Netlist sorting complete. Time (s): cpu = 00:00:00 ; elapsed = 00:00:00.001 . Memory (MB): peak = 1677.160 ; gain = 0.000

Summary of Physical Synthesis Optimizations
============================================


-----------------------------------------------------------------------------------------------------------------------------------------------------------
|  Optimization                                     |  Added Cells  |  Removed Cells  |  Optimized Cells/Nets  |  Dont Touch  |  Iterations  |  Elapsed   |
-----------------------------------------------------------------------------------------------------------------------------------------------------------
|  LUT Combining                                    |            0  |              1  |                     1  |           0  |           1  |  00:00:00  |
|  Very High Fanout                                 |            0  |              0  |                     0  |           0  |           1  |  00:00:00  |
|  DSP Register                                     |            0  |              0  |                     0  |           0  |           0  |  00:00:00  |
|  Shift Register to Pipeline                       |            0  |              0  |                     0  |           0  |           0  |  00:00:00  |
|  Shift Register                                   |            0  |              0  |                     0  |           0  |           0  |  00:00:00  |
|  BRAM Register                                    |            0  |              0  |                     0  |           0  |           0  |  00:00:00  |
|  URAM Register                                    |            0  |              0  |                     0  |           0  |           0  |  00:00:00  |
|  Dynamic/Static Region Interface Net Replication  |            0  |              0  |                     0  |           0  |           1  |  00:00:00  |
|  Total                                            |            0  |              1  |                     1  |           0  |           3  |  00:00:00  |
-----------------------------------------------------------------------------------------------------------------------------------------------------------


Phase 2.2.1 Physical Synthesis In Placer | Checksum: 123d0ffc9

Time (s): cpu = 00:00:02 ; elapsed = 00:00:02 . Memory (MB): peak = 1677.160 ; gain = 6.113
Phase 2.2 Global Placement Core | Checksum: 56d84fb0

Time (s): cpu = 00:00:02 ; elapsed = 00:00:02 . Memory (MB): peak = 1677.160 ; gain = 6.113
Phase 2 Global Placement | Checksum: 56d84fb0

Time (s): cpu = 00:00:02 ; elapsed = 00:00:02 . Memory (MB): peak = 1677.160 ; gain = 6.113

Phase 3 Detail Placement

Phase 3.1 Commit Multi Column Macros
Phase 3.1 Commit Multi Column Macros | Checksum: 60858fdc

Time (s): cpu = 00:00:02 ; elapsed = 00:00:02 . Memory (MB): peak = 1677.160 ; gain = 6.113

Phase 3.2 Commit Most Macros & LUTRAMs
Phase 3.2 Commit Most Macros & LUTRAMs | Checksum: c1185fa5

Time (s): cpu = 00:00:02 ; elapsed = 00:00:02 . Memory (MB): peak = 1677.160 ; gain = 6.113

Phase 3.3 Area Swap Optimization
Phase 3.3 Area Swap Optimization | Checksum: cee1fa94

Time (s): cpu = 00:00:02 ; elapsed = 00:00:02 . Memory (MB): peak = 1677.160 ; gain = 6.113

Phase 3.4 Pipeline Register Optimization
Phase 3.4 Pipeline Register Optimization | Checksum: cee1fa94

Time (s): cpu = 00:00:02 ; elapsed = 00:00:02 . Memory (MB): peak = 1677.160 ; gain = 6.113

Phase 3.5 Small Shape Detail Placement
Phase 3.5 Small Shape Detail Placement | Checksum: 17f3d10fb

Time (s): cpu = 00:00:02 ; elapsed = 00:00:02 . Memory (MB): peak = 1677.160 ; gain = 6.113

Phase 3.6 Re-assign LUT pins
Phase 3.6 Re-assign LUT pins | Checksum: bb020463

Time (s): cpu = 00:00:02 ; elapsed = 00:00:02 . Memory (MB): peak = 1677.160 ; gain = 6.113

Phase 3.7 Pipeline Register Optimization
Phase 3.7 Pipeline Register Optimization | Checksum: bb020463

Time (s): cpu = 00:00:02 ; elapsed = 00:00:02 . Memory (MB): peak = 1677.160 ; gain = 6.113
Phase 3 Detail Placement | Checksum: bb020463

Time (s): cpu = 00:00:02 ; elapsed = 00:00:02 . Memory (MB): peak = 1677.160 ; gain = 6.113

Phase 4 Post Placement Optimization and Clean-Up

Phase 4.1 Post Commit Optimization
INFO: [Timing 38-35] Done setting XDC timing constraints.

Phase 4.1.1 Post Placement Optimization
Post Placement Optimization Initialization | Checksum: c1ffa4e8

Phase 4.1.1.1 BUFG Insertion

Starting Physical Synthesis Task

Phase 1 Physical Synthesis Initialization
INFO: [Physopt 32-721] Multithreading enabled for phys_opt_design using a maximum of 2 CPUs
INFO: [Physopt 32-619] Estimated Timing Summary | WNS=5.308 | TNS=0.000 |
Phase 1 Physical Synthesis Initialization | Checksum: 108e4fdbb

Time (s): cpu = 00:00:00 ; elapsed = 00:00:00.015 . Memory (MB): peak = 1696.418 ; gain = 0.000
INFO: [Place 46-56] BUFG insertion identified 0 candidate nets. Inserted BUFG: 0, Replicated BUFG Driver: 0, Skipped due to Placement/Routing Conflicts: 0, Skipped due to Timing Degradation: 0, Skipped due to Illegal Netlist: 0.
Ending Physical Synthesis Task | Checksum: b99fcdaa

Time (s): cpu = 00:00:00 ; elapsed = 00:00:00.017 . Memory (MB): peak = 1696.418 ; gain = 0.000
Phase 4.1.1.1 BUFG Insertion | Checksum: c1ffa4e8

Time (s): cpu = 00:00:02 ; elapsed = 00:00:02 . Memory (MB): peak = 1696.418 ; gain = 25.371
INFO: [Place 30-746] Post Placement Timing Summary WNS=5.308. For the most accurate timing information please run report_timing.
Phase 4.1.1 Post Placement Optimization | Checksum: 863c0003

Time (s): cpu = 00:00:02 ; elapsed = 00:00:02 . Memory (MB): peak = 1696.418 ; gain = 25.371
Phase 4.1 Post Commit Optimization | Checksum: 863c0003

Time (s): cpu = 00:00:02 ; elapsed = 00:00:02 . Memory (MB): peak = 1696.418 ; gain = 25.371

Phase 4.2 Post Placement Cleanup
Phase 4.2 Post Placement Cleanup | Checksum: 863c0003

Time (s): cpu = 00:00:02 ; elapsed = 00:00:02 . Memory (MB): peak = 1696.418 ; gain = 25.371

Phase 4.3 Placer Reporting
Phase 4.3 Placer Reporting | Checksum: 863c0003

Time (s): cpu = 00:00:02 ; elapsed = 00:00:02 . Memory (MB): peak = 1696.418 ; gain = 25.371

Phase 4.4 Final Placement Cleanup
Netlist sorting complete. Time (s): cpu = 00:00:00 ; elapsed = 00:00:00 . Memory (MB): peak = 1696.418 ; gain = 0.000
Phase 4.4 Final Placement Cleanup | Checksum: 104acdce3

Time (s): cpu = 00:00:02 ; elapsed = 00:00:02 . Memory (MB): peak = 1696.418 ; gain = 25.371
Phase 4 Post Placement Optimization and Clean-Up | Checksum: 104acdce3

Time (s): cpu = 00:00:02 ; elapsed = 00:00:02 . Memory (MB): peak = 1696.418 ; gain = 25.371
Ending Placer Task | Checksum: c16c5867

Time (s): cpu = 00:00:02 ; elapsed = 00:00:02 . Memory (MB): peak = 1696.418 ; gain = 25.371
INFO: [Common 17-83] Releasing license: Implementation
64 Infos, 0 Warnings, 0 Critical Warnings and 0 Errors encountered.
place_design completed successfully
INFO: [Timing 38-480] Writing timing data to binary archive.
Writing placer database...
Writing XDEF routing.
Writing XDEF routing logical nets.
Writing XDEF routing special nets.
Write XDEF Complete: Time (s): cpu = 00:00:00 ; elapsed = 00:00:00.098 . Memory (MB): peak = 1696.461 ; gain = 0.043
INFO: [Common 17-1381] The checkpoint 'C:/Users/arify/WorkSpace/ZEDboard_vhdlNc/project_08/project_08.runs/impl_1/design_02_wrapper_placed.dcp' has been generated.
INFO: [runtcl-4] Executing : report_io -file design_02_wrapper_io_placed.rpt
report_io: Time (s): cpu = 00:00:00 ; elapsed = 00:00:00.096 . Memory (MB): peak = 1696.461 ; gain = 0.000
INFO: [runtcl-4] Executing : report_utilization -file design_02_wrapper_utilization_placed.rpt -pb design_02_wrapper_utilization_placed.pb
INFO: [runtcl-4] Executing : report_control_sets -verbose -file design_02_wrapper_control_sets_placed.rpt
report_control_sets: Time (s): cpu = 00:00:00 ; elapsed = 00:00:00.001 . Memory (MB): peak = 1696.461 ; gain = 0.000
Command: phys_opt_design
Attempting to get a license for feature 'Implementation' and/or device 'xc7z020'
INFO: [Common 17-349] Got license for feature 'Implementation' and/or device 'xc7z020'
INFO: [Vivado_Tcl 4-383] Design worst setup slack (WNS) is greater than or equal to 0.000 ns. Skipping all physical synthesis optimizations.
INFO: [Vivado_Tcl 4-232] No setup violation found. The netlist was not modified.
INFO: [Common 17-83] Releasing license: Implementation
73 Infos, 0 Warnings, 0 Critical Warnings and 0 Errors encountered.
phys_opt_design completed successfully
INFO: [Timing 38-480] Writing timing data to binary archive.
Writing placer database...
Writing XDEF routing.
Writing XDEF routing logical nets.
Writing XDEF routing special nets.
Write XDEF Complete: Time (s): cpu = 00:00:01 ; elapsed = 00:00:00.104 . Memory (MB): peak = 1706.543 ; gain = 10.082
INFO: [Common 17-1381] The checkpoint 'C:/Users/arify/WorkSpace/ZEDboard_vhdlNc/project_08/project_08.runs/impl_1/design_02_wrapper_physopt.dcp' has been generated.
Command: route_design
Attempting to get a license for feature 'Implementation' and/or device 'xc7z020'
INFO: [Common 17-349] Got license for feature 'Implementation' and/or device 'xc7z020'
Running DRC as a precondition to command route_design
INFO: [DRC 23-27] Running DRC with 2 threads
INFO: [Vivado_Tcl 4-198] DRC finished with 0 Errors
INFO: [Vivado_Tcl 4-199] Please refer to the DRC report (report_drc) for more information.


Starting Routing Task
INFO: [Route 35-254] Multithreading enabled for route_design using a maximum of 2 CPUs
Checksum: PlaceDB: 2fbef950 ConstDB: 0 ShapeSum: 91ad5f17 RouteDB: 0

Phase 1 Build RT Design
Phase 1 Build RT Design | Checksum: 935510b0

Time (s): cpu = 00:00:16 ; elapsed = 00:00:29 . Memory (MB): peak = 1807.488 ; gain = 91.855
Post Restoration Checksum: NetGraph: 7c256f4c NumContArr: 172fa164 Constraints: 0 Timing: 0

Phase 2 Router Initialization

Phase 2.1 Create Timer
Phase 2.1 Create Timer | Checksum: 935510b0

Time (s): cpu = 00:00:16 ; elapsed = 00:00:29 . Memory (MB): peak = 1807.488 ; gain = 91.855

Phase 2.2 Fix Topology Constraints
Phase 2.2 Fix Topology Constraints | Checksum: 935510b0

Time (s): cpu = 00:00:16 ; elapsed = 00:00:29 . Memory (MB): peak = 1813.953 ; gain = 98.320

Phase 2.3 Pre Route Cleanup
Phase 2.3 Pre Route Cleanup | Checksum: 935510b0

Time (s): cpu = 00:00:16 ; elapsed = 00:00:29 . Memory (MB): peak = 1813.953 ; gain = 98.320
 Number of Nodes with overlaps = 0

Phase 2.4 Update Timing
Phase 2.4 Update Timing | Checksum: 189040f9e

Time (s): cpu = 00:00:16 ; elapsed = 00:00:29 . Memory (MB): peak = 1824.227 ; gain = 108.594
INFO: [Route 35-416] Intermediate Timing Summary | WNS=5.296  | TNS=0.000  | WHS=-0.115 | THS=-0.729 |

Phase 2 Router Initialization | Checksum: 13588f8d0

Time (s): cpu = 00:00:16 ; elapsed = 00:00:29 . Memory (MB): peak = 1824.227 ; gain = 108.594

Router Utilization Summary
  Global Vertical Routing Utilization    = 0 %
  Global Horizontal Routing Utilization  = 0 %
  Routable Net Status*
  *Does not include unroutable nets such as driverless and loadless.
  Run report_route_status for detailed report.
  Number of Failed Nets               = 178
    (Failed Nets is the sum of unrouted and partially routed nets)
  Number of Unrouted Nets             = 178
  Number of Partially Routed Nets     = 0
  Number of Node Overlaps             = 0


Phase 3 Initial Routing
Phase 3 Initial Routing | Checksum: 18619f3a6

Time (s): cpu = 00:00:16 ; elapsed = 00:00:29 . Memory (MB): peak = 1828.508 ; gain = 112.875

Phase 4 Rip-up And Reroute

Phase 4.1 Global Iteration 0
 Number of Nodes with overlaps = 0
INFO: [Route 35-416] Intermediate Timing Summary | WNS=4.760  | TNS=0.000  | WHS=N/A    | THS=N/A    |

Phase 4.1 Global Iteration 0 | Checksum: 2267e60e4

Time (s): cpu = 00:00:16 ; elapsed = 00:00:29 . Memory (MB): peak = 1828.508 ; gain = 112.875
Phase 4 Rip-up And Reroute | Checksum: 2267e60e4

Time (s): cpu = 00:00:16 ; elapsed = 00:00:29 . Memory (MB): peak = 1828.508 ; gain = 112.875

Phase 5 Delay and Skew Optimization

Phase 5.1 Delay CleanUp
Phase 5.1 Delay CleanUp | Checksum: 2267e60e4

Time (s): cpu = 00:00:16 ; elapsed = 00:00:29 . Memory (MB): peak = 1828.508 ; gain = 112.875

Phase 5.2 Clock Skew Optimization
Phase 5.2 Clock Skew Optimization | Checksum: 2267e60e4

Time (s): cpu = 00:00:16 ; elapsed = 00:00:29 . Memory (MB): peak = 1828.508 ; gain = 112.875
Phase 5 Delay and Skew Optimization | Checksum: 2267e60e4

Time (s): cpu = 00:00:16 ; elapsed = 00:00:29 . Memory (MB): peak = 1828.508 ; gain = 112.875

Phase 6 Post Hold Fix

Phase 6.1 Hold Fix Iter

Phase 6.1.1 Update Timing
Phase 6.1.1 Update Timing | Checksum: 20e524ee0

Time (s): cpu = 00:00:16 ; elapsed = 00:00:29 . Memory (MB): peak = 1828.508 ; gain = 112.875
INFO: [Route 35-416] Intermediate Timing Summary | WNS=4.915  | TNS=0.000  | WHS=0.183  | THS=0.000  |

Phase 6.1 Hold Fix Iter | Checksum: 20e524ee0

Time (s): cpu = 00:00:16 ; elapsed = 00:00:29 . Memory (MB): peak = 1828.508 ; gain = 112.875
Phase 6 Post Hold Fix | Checksum: 20e524ee0

Time (s): cpu = 00:00:16 ; elapsed = 00:00:29 . Memory (MB): peak = 1828.508 ; gain = 112.875

Phase 7 Route finalize

Router Utilization Summary
  Global Vertical Routing Utilization    = 0.00636844 %
  Global Horizontal Routing Utilization  = 0.010142 %
  Routable Net Status*
  *Does not include unroutable nets such as driverless and loadless.
  Run report_route_status for detailed report.
  Number of Failed Nets               = 0
    (Failed Nets is the sum of unrouted and partially routed nets)
  Number of Unrouted Nets             = 0
  Number of Partially Routed Nets     = 0
  Number of Node Overlaps             = 0

Phase 7 Route finalize | Checksum: 20e524ee0

Time (s): cpu = 00:00:16 ; elapsed = 00:00:29 . Memory (MB): peak = 1828.508 ; gain = 112.875

Phase 8 Verifying routed nets

 Verification completed successfully
Phase 8 Verifying routed nets | Checksum: 20e524ee0

Time (s): cpu = 00:00:16 ; elapsed = 00:00:29 . Memory (MB): peak = 1830.570 ; gain = 114.938

Phase 9 Depositing Routes
Phase 9 Depositing Routes | Checksum: 17610aaff

Time (s): cpu = 00:00:16 ; elapsed = 00:00:29 . Memory (MB): peak = 1830.570 ; gain = 114.938

Phase 10 Post Router Timing
INFO: [Route 35-57] Estimated Timing Summary | WNS=4.915  | TNS=0.000  | WHS=0.183  | THS=0.000  |

INFO: [Route 35-327] The final timing numbers are based on the router estimated timing analysis. For a complete and accurate timing signoff, please run report_timing_summary.
Phase 10 Post Router Timing | Checksum: 17610aaff

Time (s): cpu = 00:00:16 ; elapsed = 00:00:29 . Memory (MB): peak = 1830.570 ; gain = 114.938
INFO: [Route 35-16] Router Completed Successfully

Time (s): cpu = 00:00:16 ; elapsed = 00:00:29 . Memory (MB): peak = 1830.570 ; gain = 114.938

Routing Is Done.
INFO: [Common 17-83] Releasing license: Implementation
87 Infos, 0 Warnings, 0 Critical Warnings and 0 Errors encountered.
route_design completed successfully
route_design: Time (s): cpu = 00:00:17 ; elapsed = 00:00:31 . Memory (MB): peak = 1830.570 ; gain = 124.027
INFO: [Timing 38-480] Writing timing data to binary archive.
Writing placer database...
Writing XDEF routing.
Writing XDEF routing logical nets.
Writing XDEF routing special nets.
Write XDEF Complete: Time (s): cpu = 00:00:00 ; elapsed = 00:00:00.115 . Memory (MB): peak = 1840.477 ; gain = 9.906
INFO: [Common 17-1381] The checkpoint 'C:/Users/arify/WorkSpace/ZEDboard_vhdlNc/project_08/project_08.runs/impl_1/design_02_wrapper_routed.dcp' has been generated.
INFO: [runtcl-4] Executing : report_drc -file design_02_wrapper_drc_routed.rpt -pb design_02_wrapper_drc_routed.pb -rpx design_02_wrapper_drc_routed.rpx
Command: report_drc -file design_02_wrapper_drc_routed.rpt -pb design_02_wrapper_drc_routed.pb -rpx design_02_wrapper_drc_routed.rpx
INFO: [IP_Flow 19-1839] IP Catalog is up to date.
INFO: [DRC 23-27] Running DRC with 2 threads
INFO: [Coretcl 2-168] The results of DRC are in file C:/Users/arify/WorkSpace/ZEDboard_vhdlNc/project_08/project_08.runs/impl_1/design_02_wrapper_drc_routed.rpt.
report_drc completed successfully
INFO: [runtcl-4] Executing : report_methodology -file design_02_wrapper_methodology_drc_routed.rpt -pb design_02_wrapper_methodology_drc_routed.pb -rpx design_02_wrapper_methodology_drc_routed.rpx
Command: report_methodology -file design_02_wrapper_methodology_drc_routed.rpt -pb design_02_wrapper_methodology_drc_routed.pb -rpx design_02_wrapper_methodology_drc_routed.rpx
INFO: [Timing 38-35] Done setting XDC timing constraints.
INFO: [DRC 23-133] Running Methodology with 2 threads
INFO: [Coretcl 2-1520] The results of Report Methodology are in file C:/Users/arify/WorkSpace/ZEDboard_vhdlNc/project_08/project_08.runs/impl_1/design_02_wrapper_methodology_drc_routed.rpt.
report_methodology completed successfully
INFO: [runtcl-4] Executing : report_power -file design_02_wrapper_power_routed.rpt -pb design_02_wrapper_power_summary_routed.pb -rpx design_02_wrapper_power_routed.rpx
Command: report_power -file design_02_wrapper_power_routed.rpt -pb design_02_wrapper_power_summary_routed.pb -rpx design_02_wrapper_power_routed.rpx
INFO: [Timing 38-35] Done setting XDC timing constraints.
Running Vector-less Activity Propagation...

Finished Running Vector-less Activity Propagation
99 Infos, 0 Warnings, 0 Critical Warnings and 0 Errors encountered.
report_power completed successfully
INFO: [runtcl-4] Executing : report_route_status -file design_02_wrapper_route_status.rpt -pb design_02_wrapper_route_status.pb
INFO: [runtcl-4] Executing : report_timing_summary -max_paths 10 -file design_02_wrapper_timing_summary_routed.rpt -pb design_02_wrapper_timing_summary_routed.pb -rpx design_02_wrapper_timing_summary_routed.rpx -warn_on_violation 
INFO: [Timing 38-91] UpdateTimingParams: Speed grade: -1, Delay Type: min_max.
INFO: [Timing 38-191] Multithreading enabled for timing update using a maximum of 2 CPUs
INFO: [runtcl-4] Executing : report_incremental_reuse -file design_02_wrapper_incremental_reuse_routed.rpt
INFO: [Vivado_Tcl 4-1062] Incremental flow is disabled. No incremental reuse Info to report.
INFO: [runtcl-4] Executing : report_clock_utilization -file design_02_wrapper_clock_utilization_routed.rpt
INFO: [runtcl-4] Executing : report_bus_skew -warn_on_violation -file design_02_wrapper_bus_skew_routed.rpt -pb design_02_wrapper_bus_skew_routed.pb -rpx design_02_wrapper_bus_skew_routed.rpx
INFO: [Timing 38-91] UpdateTimingParams: Speed grade: -1, Delay Type: min_max.
INFO: [Timing 38-191] Multithreading enabled for timing update using a maximum of 2 CPUs
Command: write_bitstream -force design_02_wrapper.bit
Attempting to get a license for feature 'Implementation' and/or device 'xc7z020'
INFO: [Common 17-349] Got license for feature 'Implementation' and/or device 'xc7z020'
Running DRC as a precondition to command write_bitstream
INFO: [IP_Flow 19-1839] IP Catalog is up to date.
INFO: [DRC 23-27] Running DRC with 2 threads
INFO: [Vivado 12-3199] DRC finished with 0 Errors
INFO: [Vivado 12-3200] Please refer to the DRC report (report_drc) for more information.
INFO: [Designutils 20-2272] Running write_bitstream with 2 threads.
Loading data files...
Loading site data...
Loading route data...
Processing options...
Creating bitmap...
Creating bitstream...
Writing bitstream ./design_02_wrapper.bit...
INFO: [Vivado 12-1842] Bitgen Completed Successfully.
INFO: [Project 1-120] WebTalk data collection is mandatory when using a WebPACK part without a full Vivado license. To see the specific WebTalk data collected for your design, open the usage_statistics_webtalk.html or usage_statistics_webtalk.xml file in the implementation directory.
INFO: [Common 17-83] Releasing license: Implementation
118 Infos, 0 Warnings, 0 Critical Warnings and 0 Errors encountered.
write_bitstream completed successfully
write_bitstream: Time (s): cpu = 00:00:11 ; elapsed = 00:00:19 . Memory (MB): peak = 2296.352 ; gain = 428.621
INFO: [Common 17-206] Exiting Vivado at Tue Aug 27 13:08:53 2024...
