#-----------------------------------------------------------
# Vivado v2020.1 (64-bit)
# SW Build 2902540 on Wed May 27 19:54:49 MDT 2020
# IP Build 2902112 on Wed May 27 22:43:36 MDT 2020
# Start of session at: Wed Aug 28 09:01:48 2024
# Process ID: 15016
# Current directory: C:/Users/arify/WorkSpace/ZEDboard_vhdlNc/project_07
# Command line: vivado.exe -gui_launcher_event rodinguilauncherevent16424 C:\Users\arify\WorkSpace\ZEDboard_vhdlNc\project_07\project_07.xpr
# Log file: C:/Users/arify/WorkSpace/ZEDboard_vhdlNc/project_07/vivado.log
# Journal file: C:/Users/arify/WorkSpace/ZEDboard_vhdlNc/project_07\vivado.jou
#-----------------------------------------------------------
start_gui
open_project C:/Users/arify/WorkSpace/ZEDboard_vhdlNc/project_07/project_07.xpr
Scanning sources...
Finished scanning sources
INFO: [IP_Flow 19-234] Refreshing IP repositories
INFO: [IP_Flow 19-1700] Loaded user IP repository 'c:/Users/arify/WorkSpace/ZEDboard_vhdlNc/ip_repo/debounce_RightLeft_ip_1.0'.
INFO: [IP_Flow 19-1700] Loaded user IP repository 'c:/Users/arify/WorkSpace/ZEDboard_vhdlNc/ip_repo/debounce_3to8mux_ip_1.0'.
INFO: [IP_Flow 19-1700] Loaded user IP repository 'c:/Users/arify/WorkSpace/ZEDboard_vhdlNc/ip_repo/debounce_BTNLED_ip_1.0'.
INFO: [IP_Flow 19-1700] Loaded user IP repository 'c:/Users/arify/WorkSpace/ZEDboard_vhdlNc/project_07'.
INFO: [IP_Flow 19-2313] Loaded Vivado IP repository 'C:/Users/arify/Prog_4_user/Xlixv20_1/Vivado/2020.1/data/ip'.
WARNING: [IP_Flow 19-1663] Duplicate IP found for 'xilinx.com:module_ref:t07_debounce_top:1.0'. The one found in IP location 'c:/Users/arify/WorkSpace/ZEDboard_vhdlNc/project_07/project_07.srcs/sources_1/bd/mref/t07_debounce_top' will take precedence over the same IP in location c:/Users/arify/WorkSpace/ZEDboard_vhdlNc/project_07/project_07.srcs/sources_1/bd/mref/t07_debounce_top
open_project: Time (s): cpu = 00:00:04 ; elapsed = 00:00:05 . Memory (MB): peak = 1099.496 ; gain = 0.000
update_compile_order -fileset sources_1
close [ open C:/Users/arify/WorkSpace/ZEDboard_vhdlNc/project_07/project_07.srcs/sources_1/new/t07_debounce_8demux3.vhd w ]
add_files C:/Users/arify/WorkSpace/ZEDboard_vhdlNc/project_07/project_07.srcs/sources_1/new/t07_debounce_8demux3.vhd
update_compile_order -fileset sources_1
create_peripheral xilinx.com user debounce_8to3demux_ip 1.0 -dir C:/Users/arify/WorkSpace/ZEDboard_vhdlNc/project_07/../ip_repo
add_peripheral_interface S00_AXI -interface_mode slave -axi_type lite [ipx::find_open_core xilinx.com:user:debounce_8to3demux_ip:1.0]
generate_peripheral -bfm_example_design -debug_hw_example_design [ipx::find_open_core xilinx.com:user:debounce_8to3demux_ip:1.0]
write_peripheral [ipx::find_open_core xilinx.com:user:debounce_8to3demux_ip:1.0]
set_property  ip_repo_paths  {C:/Users/arify/WorkSpace/ZEDboard_vhdlNc/project_07/../ip_repo/debounce_8to3demux_ip_1.0 C:/Users/arify/WorkSpace/ZEDboard_vhdlNc/ip_repo/debounce_RightLeft_ip_1.0 C:/Users/arify/WorkSpace/ZEDboard_vhdlNc/ip_repo/debounce_3to8mux_ip_1.0 C:/Users/arify/WorkSpace/ZEDboard_vhdlNc/ip_repo/debounce_BTNLED_ip_1.0 C:/Users/arify/WorkSpace/ZEDboard_vhdlNc/project_07} [current_project]
update_ip_catalog -rebuild
INFO: [IP_Flow 19-234] Refreshing IP repositories
INFO: [IP_Flow 19-1700] Loaded user IP repository 'c:/Users/arify/WorkSpace/ZEDboard_vhdlNc/ip_repo/debounce_8to3demux_ip_1.0'.
INFO: [IP_Flow 19-1700] Loaded user IP repository 'c:/Users/arify/WorkSpace/ZEDboard_vhdlNc/ip_repo/debounce_RightLeft_ip_1.0'.
INFO: [IP_Flow 19-1700] Loaded user IP repository 'c:/Users/arify/WorkSpace/ZEDboard_vhdlNc/ip_repo/debounce_3to8mux_ip_1.0'.
INFO: [IP_Flow 19-1700] Loaded user IP repository 'c:/Users/arify/WorkSpace/ZEDboard_vhdlNc/ip_repo/debounce_BTNLED_ip_1.0'.
INFO: [IP_Flow 19-1700] Loaded user IP repository 'c:/Users/arify/WorkSpace/ZEDboard_vhdlNc/project_07'.
WARNING: [IP_Flow 19-1663] Duplicate IP found for 'xilinx.com:module_ref:t07_debounce_top:1.0'. The one found in IP location 'c:/Users/arify/WorkSpace/ZEDboard_vhdlNc/project_07/project_07.srcs/sources_1/bd/mref/t07_debounce_top' will take precedence over the same IP in location c:/Users/arify/WorkSpace/ZEDboard_vhdlNc/project_07/project_07.srcs/sources_1/bd/mref/t07_debounce_top
