#-----------------------------------------------------------
# Vivado v2020.1 (64-bit)
# SW Build 2902540 on Wed May 27 19:54:49 MDT 2020
# IP Build 2902112 on Wed May 27 22:43:36 MDT 2020
# Start of session at: Tue Aug 27 13:06:44 2024
# Process ID: 21320
# Current directory: C:/Users/arify/WorkSpace/ZEDboard_vhdlNc/project_07
# Command line: vivado.exe -gui_launcher_event rodinguilauncherevent19612 C:\Users\arify\WorkSpace\ZEDboard_vhdlNc\project_07\project_07.xpr
# Log file: C:/Users/arify/WorkSpace/ZEDboard_vhdlNc/project_07/vivado.log
# Journal file: C:/Users/arify/WorkSpace/ZEDboard_vhdlNc/project_07\vivado.jou
#-----------------------------------------------------------
start_gui
open_project C:/Users/arify/WorkSpace/ZEDboard_vhdlNc/project_07/project_07.xpr
Scanning sources...
Finished scanning sources
INFO: [IP_Flow 19-234] Refreshing IP repositories
INFO: [IP_Flow 19-1700] Loaded user IP repository 'c:/Users/arify/WorkSpace/ZEDboard_vhdlNc/ip_repo/debounce_BTNLED_ip_1.0'.
INFO: [IP_Flow 19-1700] Loaded user IP repository 'c:/Users/arify/WorkSpace/ZEDboard_vhdlNc/project_07'.
INFO: [IP_Flow 19-2313] Loaded Vivado IP repository 'C:/Users/arify/Prog_4_user/Xlixv20_1/Vivado/2020.1/data/ip'.
WARNING: [IP_Flow 19-1663] Duplicate IP found for 'xilinx.com:module_ref:t07_debounce_top:1.0'. The one found in IP location 'c:/Users/arify/WorkSpace/ZEDboard_vhdlNc/project_07/project_07.srcs/sources_1/bd/mref/t07_debounce_top' will take precedence over the same IP in location c:/Users/arify/WorkSpace/ZEDboard_vhdlNc/project_07/project_07.srcs/sources_1/bd/mref/t07_debounce_top
open_project: Time (s): cpu = 00:00:12 ; elapsed = 00:00:07 . Memory (MB): peak = 1101.406 ; gain = 0.000
update_compile_order -fileset sources_1
close [ open C:/Users/arify/WorkSpace/ZEDboard_vhdlNc/project_07/project_07.srcs/sources_1/new/t08_debounce_RightLeft.vhd w ]
add_files C:/Users/arify/WorkSpace/ZEDboard_vhdlNc/project_07/project_07.srcs/sources_1/new/t08_debounce_RightLeft.vhd
close [ open C:/Users/arify/WorkSpace/ZEDboard_vhdlNc/project_07/project_07.srcs/sources_1/new/t07_debounce_3mux8.vhd w ]
add_files C:/Users/arify/WorkSpace/ZEDboard_vhdlNc/project_07/project_07.srcs/sources_1/new/t07_debounce_3mux8.vhd
update_compile_order -fileset sources_1
export_ip_user_files -of_objects  [get_files C:/Users/arify/WorkSpace/ZEDboard_vhdlNc/project_07/project_07.srcs/sources_1/new/t07_debounce_3mux8.vhd] -no_script -reset -force -quiet
remove_files  C:/Users/arify/WorkSpace/ZEDboard_vhdlNc/project_07/project_07.srcs/sources_1/new/t07_debounce_3mux8.vhd
close [ open C:/Users/arify/WorkSpace/ZEDboard_vhdlNc/project_07/project_07.srcs/sources_1/new/t07_debounce_3mux8.vhd w ]
add_files C:/Users/arify/WorkSpace/ZEDboard_vhdlNc/project_07/project_07.srcs/sources_1/new/t07_debounce_3mux8.vhd
update_compile_order -fileset sources_1
export_ip_user_files -of_objects  [get_files C:/Users/arify/WorkSpace/ZEDboard_vhdlNc/project_07/project_07.srcs/sources_1/new/t08_debounce_RightLeft.vhd] -no_script -reset -force -quiet
remove_files  C:/Users/arify/WorkSpace/ZEDboard_vhdlNc/project_07/project_07.srcs/sources_1/new/t08_debounce_RightLeft.vhd
file delete -force C:/Users/arify/WorkSpace/ZEDboard_vhdlNc/project_07/project_07.srcs/sources_1/new/t08_debounce_RightLeft.vhd
close [ open C:/Users/arify/WorkSpace/ZEDboard_vhdlNc/project_07/project_07.srcs/sources_1/new/t07_debounce_RightLeft.vhd w ]
add_files C:/Users/arify/WorkSpace/ZEDboard_vhdlNc/project_07/project_07.srcs/sources_1/new/t07_debounce_RightLeft.vhd
update_compile_order -fileset sources_1
