
*** Running vivado
    with args -log design_04_ay_ledsw_0_4.vds -m64 -product Vivado -mode batch -messageDb vivado.pb -notrace -source design_04_ay_ledsw_0_4.tcl



****** Vivado v2020.1 (64-bit)
  **** SW Build 2902540 on Wed May 27 19:54:49 MDT 2020
  **** IP Build 2902112 on Wed May 27 22:43:36 MDT 2020
    ** Copyright 1986-2020 Xilinx, Inc. All Rights Reserved.

source design_04_ay_ledsw_0_4.tcl -notrace
INFO: [IP_Flow 19-234] Refreshing IP repositories
INFO: [IP_Flow 19-1700] Loaded user IP repository 'c:/Users/arify/WorkSpace/ZEDboard_vhdlNc/ip_repo'.
INFO: [IP_Flow 19-1700] Loaded user IP repository 'c:/Users/arify/WorkSpace/ZEDboard_vhdlNc/project_04/project_04.srcs'.
INFO: [IP_Flow 19-2313] Loaded Vivado IP repository 'C:/Users/arify/Prog_4_user/Xlixv20_1/Vivado/2020.1/data/ip'.
Command: synth_design -top design_04_ay_ledsw_0_4 -part xc7z020clg484-1 -mode out_of_context
Starting synth_design
Attempting to get a license for feature 'Synthesis' and/or device 'xc7z020'
INFO: [Common 17-349] Got license for feature 'Synthesis' and/or device 'xc7z020'
INFO: [Device 21-403] Loading part xc7z020clg484-1
INFO: [Synth 8-7079] Multithreading enabled for synth_design using a maximum of 2 processes.
INFO: [Synth 8-7078] Launching helper process for spawning children vivado processes
INFO: [Synth 8-7075] Helper process launched with PID 19760
---------------------------------------------------------------------------------
Starting RTL Elaboration : Time (s): cpu = 00:00:03 ; elapsed = 00:00:05 . Memory (MB): peak = 1100.215 ; gain = 0.000
---------------------------------------------------------------------------------
INFO: [Synth 8-638] synthesizing module 'design_04_ay_ledsw_0_4' [c:/Users/arify/WorkSpace/ZEDboard_vhdlNc/project_04/project_04.srcs/sources_1/bd/design_04/ip/design_04_ay_ledsw_0_4/synth/design_04_ay_ledsw_0_4.vhd:84]
	Parameter C_S00_AXI_DATA_WIDTH bound to: 32 - type: integer 
	Parameter C_S00_AXI_ADDR_WIDTH bound to: 4 - type: integer 
INFO: [Synth 8-3491] module 'ay_ledsw_v1_0' declared at 'c:/Users/arify/WorkSpace/ZEDboard_vhdlNc/project_04/project_04.srcs/sources_1/bd/design_04/ipshared/0dd8/hdl/ay_ledsw_v1_0.vhd:5' bound to instance 'U0' of component 'ay_ledsw_v1_0' [c:/Users/arify/WorkSpace/ZEDboard_vhdlNc/project_04/project_04.srcs/sources_1/bd/design_04/ip/design_04_ay_ledsw_0_4/synth/design_04_ay_ledsw_0_4.vhd:150]
INFO: [Synth 8-638] synthesizing module 'ay_ledsw_v1_0' [c:/Users/arify/WorkSpace/ZEDboard_vhdlNc/project_04/project_04.srcs/sources_1/bd/design_04/ipshared/0dd8/hdl/ay_ledsw_v1_0.vhd:50]
	Parameter C_S00_AXI_DATA_WIDTH bound to: 32 - type: integer 
	Parameter C_S00_AXI_ADDR_WIDTH bound to: 4 - type: integer 
	Parameter C_S_AXI_DATA_WIDTH bound to: 32 - type: integer 
	Parameter C_S_AXI_ADDR_WIDTH bound to: 4 - type: integer 
INFO: [Synth 8-3491] module 'ay_ledsw_v1_0_S00_AXI' declared at 'c:/Users/arify/WorkSpace/ZEDboard_vhdlNc/project_04/project_04.srcs/sources_1/bd/design_04/ipshared/0dd8/hdl/ay_ledsw_v1_0_S00_AXI.vhd:5' bound to instance 'ay_ledsw_v1_0_S00_AXI_inst' of component 'ay_ledsw_v1_0_S00_AXI' [c:/Users/arify/WorkSpace/ZEDboard_vhdlNc/project_04/project_04.srcs/sources_1/bd/design_04/ipshared/0dd8/hdl/ay_ledsw_v1_0.vhd:89]
INFO: [Synth 8-638] synthesizing module 'ay_ledsw_v1_0_S00_AXI' [c:/Users/arify/WorkSpace/ZEDboard_vhdlNc/project_04/project_04.srcs/sources_1/bd/design_04/ipshared/0dd8/hdl/ay_ledsw_v1_0_S00_AXI.vhd:89]
	Parameter C_S_AXI_DATA_WIDTH bound to: 32 - type: integer 
	Parameter C_S_AXI_ADDR_WIDTH bound to: 4 - type: integer 
INFO: [Synth 8-226] default block is never used [c:/Users/arify/WorkSpace/ZEDboard_vhdlNc/project_04/project_04.srcs/sources_1/bd/design_04/ipshared/0dd8/hdl/ay_ledsw_v1_0_S00_AXI.vhd:227]
INFO: [Synth 8-226] default block is never used [c:/Users/arify/WorkSpace/ZEDboard_vhdlNc/project_04/project_04.srcs/sources_1/bd/design_04/ipshared/0dd8/hdl/ay_ledsw_v1_0_S00_AXI.vhd:357]
INFO: [Synth 8-256] done synthesizing module 'ay_ledsw_v1_0_S00_AXI' (1#1) [c:/Users/arify/WorkSpace/ZEDboard_vhdlNc/project_04/project_04.srcs/sources_1/bd/design_04/ipshared/0dd8/hdl/ay_ledsw_v1_0_S00_AXI.vhd:89]
INFO: [Synth 8-256] done synthesizing module 'ay_ledsw_v1_0' (2#1) [c:/Users/arify/WorkSpace/ZEDboard_vhdlNc/project_04/project_04.srcs/sources_1/bd/design_04/ipshared/0dd8/hdl/ay_ledsw_v1_0.vhd:50]
INFO: [Synth 8-256] done synthesizing module 'design_04_ay_ledsw_0_4' (3#1) [c:/Users/arify/WorkSpace/ZEDboard_vhdlNc/project_04/project_04.srcs/sources_1/bd/design_04/ip/design_04_ay_ledsw_0_4/synth/design_04_ay_ledsw_0_4.vhd:84]
---------------------------------------------------------------------------------
Finished RTL Elaboration : Time (s): cpu = 00:00:04 ; elapsed = 00:00:06 . Memory (MB): peak = 1100.859 ; gain = 0.645
---------------------------------------------------------------------------------
---------------------------------------------------------------------------------
Start Handling Custom Attributes
---------------------------------------------------------------------------------
---------------------------------------------------------------------------------
Finished Handling Custom Attributes : Time (s): cpu = 00:00:04 ; elapsed = 00:00:07 . Memory (MB): peak = 1100.859 ; gain = 0.645
---------------------------------------------------------------------------------
---------------------------------------------------------------------------------
Finished RTL Optimization Phase 1 : Time (s): cpu = 00:00:04 ; elapsed = 00:00:07 . Memory (MB): peak = 1100.859 ; gain = 0.645
---------------------------------------------------------------------------------
Netlist sorting complete. Time (s): cpu = 00:00:00 ; elapsed = 00:00:00.009 . Memory (MB): peak = 1100.859 ; gain = 0.000
INFO: [Project 1-570] Preparing netlist for logic optimization

Processing XDC Constraints
Initializing timing engine
Completed Processing XDC Constraints

Netlist sorting complete. Time (s): cpu = 00:00:00 ; elapsed = 00:00:00 . Memory (MB): peak = 1198.195 ; gain = 0.000
INFO: [Project 1-111] Unisim Transformation Summary:
No Unisim elements were transformed.

Constraint Validation Runtime : Time (s): cpu = 00:00:00 ; elapsed = 00:00:00.018 . Memory (MB): peak = 1198.242 ; gain = 0.047
---------------------------------------------------------------------------------
Finished Constraint Validation : Time (s): cpu = 00:00:07 ; elapsed = 00:00:12 . Memory (MB): peak = 1198.242 ; gain = 98.027
---------------------------------------------------------------------------------
---------------------------------------------------------------------------------
Start Loading Part and Timing Information
---------------------------------------------------------------------------------
Loading part: xc7z020clg484-1
---------------------------------------------------------------------------------
Finished Loading Part and Timing Information : Time (s): cpu = 00:00:07 ; elapsed = 00:00:12 . Memory (MB): peak = 1198.242 ; gain = 98.027
---------------------------------------------------------------------------------
---------------------------------------------------------------------------------
Start Applying 'set_property' XDC Constraints
---------------------------------------------------------------------------------
---------------------------------------------------------------------------------
Finished applying 'set_property' XDC Constraints : Time (s): cpu = 00:00:07 ; elapsed = 00:00:12 . Memory (MB): peak = 1198.242 ; gain = 98.027
---------------------------------------------------------------------------------
---------------------------------------------------------------------------------
Finished RTL Optimization Phase 2 : Time (s): cpu = 00:00:07 ; elapsed = 00:00:12 . Memory (MB): peak = 1198.242 ; gain = 98.027
---------------------------------------------------------------------------------
---------------------------------------------------------------------------------
Start RTL Component Statistics 
---------------------------------------------------------------------------------
Detailed RTL Component Info : 
+---Registers : 
	               32 Bit    Registers := 4     
	                4 Bit    Registers := 2     
	                2 Bit    Registers := 2     
	                1 Bit    Registers := 6     
+---Muxes : 
	   2 Input   32 Bit        Muxes := 3     
	   4 Input   32 Bit        Muxes := 4     
	   2 Input    1 Bit        Muxes := 5     
---------------------------------------------------------------------------------
Finished RTL Component Statistics 
---------------------------------------------------------------------------------
---------------------------------------------------------------------------------
Start Part Resource Summary
---------------------------------------------------------------------------------
Part Resources:
DSPs: 220 (col length:60)
BRAMs: 280 (col length: RAMB18 60 RAMB36 30)
---------------------------------------------------------------------------------
Finished Part Resource Summary
---------------------------------------------------------------------------------
---------------------------------------------------------------------------------
Start Cross Boundary and Area Optimization
---------------------------------------------------------------------------------
---------------------------------------------------------------------------------
Finished Cross Boundary and Area Optimization : Time (s): cpu = 00:00:07 ; elapsed = 00:00:14 . Memory (MB): peak = 1198.242 ; gain = 98.027
---------------------------------------------------------------------------------
---------------------------------------------------------------------------------
Start Applying XDC Timing Constraints
---------------------------------------------------------------------------------
---------------------------------------------------------------------------------
Finished Applying XDC Timing Constraints : Time (s): cpu = 00:00:10 ; elapsed = 00:00:21 . Memory (MB): peak = 1198.242 ; gain = 98.027
---------------------------------------------------------------------------------
---------------------------------------------------------------------------------
Start Timing Optimization
---------------------------------------------------------------------------------
---------------------------------------------------------------------------------
Finished Timing Optimization : Time (s): cpu = 00:00:10 ; elapsed = 00:00:21 . Memory (MB): peak = 1198.242 ; gain = 98.027
---------------------------------------------------------------------------------
---------------------------------------------------------------------------------
Start Technology Mapping
---------------------------------------------------------------------------------
---------------------------------------------------------------------------------
Finished Technology Mapping : Time (s): cpu = 00:00:10 ; elapsed = 00:00:21 . Memory (MB): peak = 1207.934 ; gain = 107.719
---------------------------------------------------------------------------------
---------------------------------------------------------------------------------
Start IO Insertion
---------------------------------------------------------------------------------
---------------------------------------------------------------------------------
Start Flattening Before IO Insertion
---------------------------------------------------------------------------------
---------------------------------------------------------------------------------
Finished Flattening Before IO Insertion
---------------------------------------------------------------------------------
---------------------------------------------------------------------------------
Start Final Netlist Cleanup
---------------------------------------------------------------------------------
---------------------------------------------------------------------------------
Finished Final Netlist Cleanup
---------------------------------------------------------------------------------
---------------------------------------------------------------------------------
Finished IO Insertion : Time (s): cpu = 00:00:11 ; elapsed = 00:00:23 . Memory (MB): peak = 1212.781 ; gain = 112.566
---------------------------------------------------------------------------------
---------------------------------------------------------------------------------
Start Renaming Generated Instances
---------------------------------------------------------------------------------
---------------------------------------------------------------------------------
Finished Renaming Generated Instances : Time (s): cpu = 00:00:11 ; elapsed = 00:00:23 . Memory (MB): peak = 1212.781 ; gain = 112.566
---------------------------------------------------------------------------------
---------------------------------------------------------------------------------
Start Rebuilding User Hierarchy
---------------------------------------------------------------------------------
---------------------------------------------------------------------------------
Finished Rebuilding User Hierarchy : Time (s): cpu = 00:00:11 ; elapsed = 00:00:24 . Memory (MB): peak = 1212.781 ; gain = 112.566
---------------------------------------------------------------------------------
---------------------------------------------------------------------------------
Start Renaming Generated Ports
---------------------------------------------------------------------------------
---------------------------------------------------------------------------------
Finished Renaming Generated Ports : Time (s): cpu = 00:00:11 ; elapsed = 00:00:24 . Memory (MB): peak = 1212.781 ; gain = 112.566
---------------------------------------------------------------------------------
---------------------------------------------------------------------------------
Start Handling Custom Attributes
---------------------------------------------------------------------------------
---------------------------------------------------------------------------------
Finished Handling Custom Attributes : Time (s): cpu = 00:00:11 ; elapsed = 00:00:24 . Memory (MB): peak = 1212.781 ; gain = 112.566
---------------------------------------------------------------------------------
---------------------------------------------------------------------------------
Start Renaming Generated Nets
---------------------------------------------------------------------------------
---------------------------------------------------------------------------------
Finished Renaming Generated Nets : Time (s): cpu = 00:00:11 ; elapsed = 00:00:24 . Memory (MB): peak = 1212.781 ; gain = 112.566
---------------------------------------------------------------------------------
---------------------------------------------------------------------------------
Start Writing Synthesis Report
---------------------------------------------------------------------------------

Report BlackBoxes: 
+-+--------------+----------+
| |BlackBox name |Instances |
+-+--------------+----------+
+-+--------------+----------+

Report Cell Usage: 
+------+-----+------+
|      |Cell |Count |
+------+-----+------+
|1     |LUT1 |     1|
|2     |LUT2 |     1|
|3     |LUT3 |     1|
|4     |LUT4 |    18|
|5     |LUT5 |    24|
|6     |LUT6 |    12|
|7     |FDRE |   135|
|8     |FDSE |     3|
+------+-----+------+
---------------------------------------------------------------------------------
Finished Writing Synthesis Report : Time (s): cpu = 00:00:11 ; elapsed = 00:00:24 . Memory (MB): peak = 1212.781 ; gain = 112.566
---------------------------------------------------------------------------------
Synthesis finished with 0 errors, 0 critical warnings and 0 warnings.
Synthesis Optimization Runtime : Time (s): cpu = 00:00:06 ; elapsed = 00:00:22 . Memory (MB): peak = 1212.781 ; gain = 15.184
Synthesis Optimization Complete : Time (s): cpu = 00:00:11 ; elapsed = 00:00:24 . Memory (MB): peak = 1212.781 ; gain = 112.566
INFO: [Project 1-571] Translating synthesized netlist
Netlist sorting complete. Time (s): cpu = 00:00:00 ; elapsed = 00:00:00.006 . Memory (MB): peak = 1224.828 ; gain = 0.000
INFO: [Project 1-570] Preparing netlist for logic optimization
INFO: [Opt 31-138] Pushed 0 inverter(s) to 0 load pin(s).
Netlist sorting complete. Time (s): cpu = 00:00:00 ; elapsed = 00:00:00 . Memory (MB): peak = 1233.793 ; gain = 0.000
INFO: [Project 1-111] Unisim Transformation Summary:
No Unisim elements were transformed.

INFO: [Common 17-83] Releasing license: Synthesis
26 Infos, 0 Warnings, 0 Critical Warnings and 0 Errors encountered.
synth_design completed successfully
synth_design: Time (s): cpu = 00:00:14 ; elapsed = 00:00:31 . Memory (MB): peak = 1233.793 ; gain = 133.578
INFO: [Common 17-1381] The checkpoint 'C:/Users/arify/WorkSpace/ZEDboard_vhdlNc/project_04/project_04.runs/design_04_ay_ledsw_0_4_synth_1/design_04_ay_ledsw_0_4.dcp' has been generated.
WARNING: [Common 17-576] 'use_project_ipc' is deprecated. This option is deprecated and no longer used.
INFO: [Coretcl 2-1648] Added synthesis output to IP cache for IP design_04_ay_ledsw_0_4, cache-ID = 7c2aec4d432620c1
INFO: [Coretcl 2-1174] Renamed 2 cell refs.
INFO: [Common 17-1381] The checkpoint 'C:/Users/arify/WorkSpace/ZEDboard_vhdlNc/project_04/project_04.runs/design_04_ay_ledsw_0_4_synth_1/design_04_ay_ledsw_0_4.dcp' has been generated.
INFO: [runtcl-4] Executing : report_utilization -file design_04_ay_ledsw_0_4_utilization_synth.rpt -pb design_04_ay_ledsw_0_4_utilization_synth.pb
INFO: [Common 17-206] Exiting Vivado at Mon Aug 19 13:29:30 2024...
