INFO: [VRFC 10-163] Analyzing VHDL file "C:/Users/arify/WorkSpace/ZEDboard_vhdlNc/project_06/project_06.sim/sim_1/impl/func/xsim/p05_dds_func_impl.vhd" into library xil_defaultlib
INFO: [VRFC 10-3107] analyzing entity 'dbg_hub_dmem'
INFO: [VRFC 10-3107] analyzing entity 'dbg_hub_dmem_14'
INFO: [VRFC 10-3107] analyzing entity 'dbg_hub_ltlib_v1_0_0_bscan'
INFO: [VRFC 10-3107] analyzing entity 'dbg_hub_ltlib_v1_0_0_generic_mux'
INFO: [VRFC 10-3107] analyzing entity 'dbg_hub_rd_bin_cntr'
INFO: [VRFC 10-3107] analyzing entity 'dbg_hub_rd_bin_cntr_19'
INFO: [VRFC 10-3107] analyzing entity 'dbg_hub_rd_fwft'
INFO: [VRFC 10-3107] analyzing entity 'dbg_hub_rd_handshaking_flags'
INFO: [VRFC 10-3107] analyzing entity '\dbg_hub_rd_handshaking_flags__parameterized0\'
INFO: [VRFC 10-3107] analyzing entity 'dbg_hub_rd_status_flags_as'
INFO: [VRFC 10-3107] analyzing entity 'dbg_hub_rd_status_flags_as_18'
INFO: [VRFC 10-3107] analyzing entity 'dbg_hub_synchronizer_ff'
INFO: [VRFC 10-3107] analyzing entity 'dbg_hub_synchronizer_ff_10'
INFO: [VRFC 10-3107] analyzing entity 'dbg_hub_synchronizer_ff_11'
INFO: [VRFC 10-3107] analyzing entity 'dbg_hub_synchronizer_ff_12'
INFO: [VRFC 10-3107] analyzing entity 'dbg_hub_synchronizer_ff_13'
INFO: [VRFC 10-3107] analyzing entity 'dbg_hub_synchronizer_ff_2'
INFO: [VRFC 10-3107] analyzing entity 'dbg_hub_synchronizer_ff_3'
INFO: [VRFC 10-3107] analyzing entity 'dbg_hub_synchronizer_ff_4'
INFO: [VRFC 10-3107] analyzing entity '\dbg_hub_synchronizer_ff__parameterized0\'
INFO: [VRFC 10-3107] analyzing entity '\dbg_hub_synchronizer_ff__parameterized0_20\'
INFO: [VRFC 10-3107] analyzing entity '\dbg_hub_synchronizer_ff__parameterized0_21\'
INFO: [VRFC 10-3107] analyzing entity '\dbg_hub_synchronizer_ff__parameterized0_22\'
INFO: [VRFC 10-3107] analyzing entity '\dbg_hub_synchronizer_ff__parameterized0_23\'
INFO: [VRFC 10-3107] analyzing entity '\dbg_hub_synchronizer_ff__parameterized0_5\'
INFO: [VRFC 10-3107] analyzing entity '\dbg_hub_synchronizer_ff__parameterized0_6\'
INFO: [VRFC 10-3107] analyzing entity '\dbg_hub_synchronizer_ff__parameterized0_7\'
INFO: [VRFC 10-3107] analyzing entity 'dbg_hub_wr_bin_cntr'
INFO: [VRFC 10-3107] analyzing entity 'dbg_hub_wr_bin_cntr_17'
INFO: [VRFC 10-3107] analyzing entity 'dbg_hub_wr_handshaking_flags'
INFO: [VRFC 10-3107] analyzing entity 'dbg_hub_wr_handshaking_flags_16'
INFO: [VRFC 10-3107] analyzing entity 'dbg_hub_wr_status_flags_as'
INFO: [VRFC 10-3107] analyzing entity 'dbg_hub_wr_status_flags_as_15'
INFO: [VRFC 10-3107] analyzing entity 'dbg_hub_xsdbm_v3_0_0_addr_ctl'
INFO: [VRFC 10-3107] analyzing entity 'dbg_hub_xsdbm_v3_0_0_bscan_switch'
INFO: [VRFC 10-3107] analyzing entity 'dbg_hub_xsdbm_v3_0_0_burst_wdlen_ctl'
INFO: [VRFC 10-3107] analyzing entity 'dbg_hub_xsdbm_v3_0_0_bus_ctl_cnt'
INFO: [VRFC 10-3107] analyzing entity 'dbg_hub_xsdbm_v3_0_0_bus_ctl_flg'
INFO: [VRFC 10-3107] analyzing entity '\dbg_hub_xsdbm_v3_0_0_bus_ctl_flg__parameterized0\'
INFO: [VRFC 10-3107] analyzing entity 'dbg_hub_xsdbm_v3_0_0_cmd_decode'
INFO: [VRFC 10-3107] analyzing entity 'dbg_hub_xsdbm_v3_0_0_ctl_reg'
INFO: [VRFC 10-3107] analyzing entity 'dbg_hub_xsdbm_v3_0_0_ctl_reg_1'
INFO: [VRFC 10-3107] analyzing entity '\dbg_hub_xsdbm_v3_0_0_ctl_reg__parameterized0\'
INFO: [VRFC 10-3107] analyzing entity '\dbg_hub_xsdbm_v3_0_0_ctl_reg__parameterized1\'
INFO: [VRFC 10-3107] analyzing entity 'dbg_hub_xsdbm_v3_0_0_if_static_status'
INFO: [VRFC 10-3107] analyzing entity 'dbg_hub_xsdbm_v3_0_0_stat'
INFO: [VRFC 10-3107] analyzing entity 'dbg_hub_xsdbm_v3_0_0_stat_reg'
INFO: [VRFC 10-3107] analyzing entity 'dbg_hub_xsdbm_v3_0_0_stat_reg_0'
INFO: [VRFC 10-3107] analyzing entity '\dbg_hub_xsdbm_v3_0_0_stat_reg__parameterized0\'
INFO: [VRFC 10-3107] analyzing entity 'dbg_hub_xsdbm_v3_0_0_sync'
INFO: [VRFC 10-3107] analyzing entity '\design_1_auto_pc_0__axi_protocol_converter_v2_1_21_b2s_incr_cmd\'
INFO: [VRFC 10-3107] analyzing entity '\design_1_auto_pc_0__axi_protocol_converter_v2_1_21_b2s_incr_cmd_2\'
INFO: [VRFC 10-3107] analyzing entity '\design_1_auto_pc_0__axi_protocol_converter_v2_1_21_b2s_rd_cmd_fsm\'
INFO: [VRFC 10-3107] analyzing entity '\design_1_auto_pc_0__axi_protocol_converter_v2_1_21_b2s_simple_fifo\'
INFO: [VRFC 10-3107] analyzing entity '\design_1_auto_pc_0__axi_protocol_converter_v2_1_21_b2s_simple_fifo__parameterized0\'
INFO: [VRFC 10-3107] analyzing entity '\design_1_auto_pc_0__axi_protocol_converter_v2_1_21_b2s_simple_fifo__parameterized1\'
INFO: [VRFC 10-3107] analyzing entity '\design_1_auto_pc_0__axi_protocol_converter_v2_1_21_b2s_simple_fifo__parameterized2\'
INFO: [VRFC 10-3107] analyzing entity '\design_1_auto_pc_0__axi_protocol_converter_v2_1_21_b2s_wr_cmd_fsm\'
INFO: [VRFC 10-3107] analyzing entity '\design_1_auto_pc_0__axi_protocol_converter_v2_1_21_b2s_wrap_cmd\'
INFO: [VRFC 10-3107] analyzing entity '\design_1_auto_pc_0__axi_protocol_converter_v2_1_21_b2s_wrap_cmd_3\'
INFO: [VRFC 10-3107] analyzing entity '\design_1_auto_pc_0__axi_register_slice_v2_1_21_axic_register_slice\'
INFO: [VRFC 10-3107] analyzing entity '\design_1_auto_pc_0__axi_register_slice_v2_1_21_axic_register_slice_0\'
INFO: [VRFC 10-3107] analyzing entity '\design_1_auto_pc_0__axi_register_slice_v2_1_21_axic_register_slice__parameterized1\'
INFO: [VRFC 10-3107] analyzing entity '\design_1_auto_pc_0__axi_register_slice_v2_1_21_axic_register_slice__parameterized2\'
INFO: [VRFC 10-3107] analyzing entity 'design_1_axi_gpio_0_0_cdc_sync'
INFO: [VRFC 10-3107] analyzing entity 'design_1_axi_gpio_0_0_cdc_sync_0'
INFO: [VRFC 10-3107] analyzing entity 'design_1_axi_gpio_0_0_pselect_f'
INFO: [VRFC 10-3107] analyzing entity '\design_1_axi_gpio_0_0_pselect_f__parameterized1\'
INFO: [VRFC 10-3107] analyzing entity 'design_1_p05_dds_0_5_p05_accum'
INFO: [VRFC 10-3107] analyzing entity 'design_1_p05_dds_0_5_rom_file'
INFO: [VRFC 10-3107] analyzing entity 'design_1_p05_dds_0_6_p05_accum'
INFO: [VRFC 10-3107] analyzing entity 'design_1_p05_dds_0_6_rom_file'
INFO: [VRFC 10-3107] analyzing entity '\design_1_processing_system7_0_0__processing_system7_v5_5_processing_system7\'
INFO: [VRFC 10-3107] analyzing entity '\design_1_rst_ps7_0_100M_0__cdc_sync\'
INFO: [VRFC 10-3107] analyzing entity '\design_1_rst_ps7_0_100M_0__cdc_sync_0\'
INFO: [VRFC 10-3107] analyzing entity '\design_1_rst_ps7_0_100M_0__upcnt_n\'
INFO: [VRFC 10-3107] analyzing entity 'design_1_util_vector_logic_0_0_util_vector_logic_v2_0_1_util_vector_logic'
INFO: [VRFC 10-3107] analyzing entity 'design_1_vio_0_0_vio_v3_0_19_decoder'
INFO: [VRFC 10-3107] analyzing entity 'design_1_vio_0_0_vio_v3_0_19_probe_in_one'
INFO: [VRFC 10-3107] analyzing entity 'design_1_vio_0_0_vio_v3_0_19_probe_out_one'
INFO: [VRFC 10-3107] analyzing entity 'design_1_vio_0_0_xsdbs_v1_0_2_xsdbs'
INFO: [VRFC 10-3107] analyzing entity 'design_1_ila_0_0_ltlib_v1_0_0_all_typeA_slice'
INFO: [VRFC 10-3107] analyzing entity 'design_1_ila_0_0_ltlib_v1_0_0_all_typeA_slice_11'
INFO: [VRFC 10-3107] analyzing entity 'design_1_ila_0_0_ltlib_v1_0_0_all_typeA_slice_3'
INFO: [VRFC 10-3107] analyzing entity 'design_1_ila_0_0_ltlib_v1_0_0_all_typeA_slice_9'
INFO: [VRFC 10-3107] analyzing entity '\design_1_ila_0_0_ltlib_v1_0_0_all_typeA_slice__parameterized0\'
INFO: [VRFC 10-3107] analyzing entity '\design_1_ila_0_0_ltlib_v1_0_0_all_typeA_slice__parameterized0_1\'
INFO: [VRFC 10-3107] analyzing entity '\design_1_ila_0_0_ltlib_v1_0_0_all_typeA_slice__parameterized0_2\'
INFO: [VRFC 10-3107] analyzing entity '\design_1_ila_0_0_ltlib_v1_0_0_all_typeA_slice__parameterized0_6\'
INFO: [VRFC 10-3107] analyzing entity '\design_1_ila_0_0_ltlib_v1_0_0_all_typeA_slice__parameterized0_7\'
INFO: [VRFC 10-3107] analyzing entity '\design_1_ila_0_0_ltlib_v1_0_0_all_typeA_slice__parameterized0_8\'
INFO: [VRFC 10-3107] analyzing entity '\design_1_ila_0_0_ltlib_v1_0_0_all_typeA_slice__parameterized1\'
INFO: [VRFC 10-3107] analyzing entity '\design_1_ila_0_0_ltlib_v1_0_0_all_typeA_slice__parameterized1_38\'
INFO: [VRFC 10-3107] analyzing entity '\design_1_ila_0_0_ltlib_v1_0_0_all_typeA_slice__parameterized1_46\'
INFO: [VRFC 10-3107] analyzing entity '\design_1_ila_0_0_ltlib_v1_0_0_all_typeA_slice__parameterized2\'
INFO: [VRFC 10-3107] analyzing entity '\design_1_ila_0_0_ltlib_v1_0_0_all_typeA_slice__parameterized2_39\'
INFO: [VRFC 10-3107] analyzing entity '\design_1_ila_0_0_ltlib_v1_0_0_all_typeA_slice__parameterized2_47\'
INFO: [VRFC 10-3107] analyzing entity 'design_1_ila_0_0_ltlib_v1_0_0_async_edge_xfer'
INFO: [VRFC 10-3107] analyzing entity 'design_1_ila_0_0_ltlib_v1_0_0_async_edge_xfer_12'
INFO: [VRFC 10-3107] analyzing entity 'design_1_ila_0_0_ltlib_v1_0_0_async_edge_xfer_13'
INFO: [VRFC 10-3107] analyzing entity 'design_1_ila_0_0_ltlib_v1_0_0_async_edge_xfer_14'
INFO: [VRFC 10-3107] analyzing entity 'design_1_ila_0_0_ltlib_v1_0_0_cfglut4'
INFO: [VRFC 10-3107] analyzing entity 'design_1_ila_0_0_ltlib_v1_0_0_cfglut4_40'
INFO: [VRFC 10-3107] analyzing entity 'design_1_ila_0_0_ltlib_v1_0_0_cfglut5'
INFO: [VRFC 10-3107] analyzing entity 'design_1_ila_0_0_ltlib_v1_0_0_cfglut5_34'
INFO: [VRFC 10-3107] analyzing entity 'design_1_ila_0_0_ltlib_v1_0_0_cfglut5_41'
INFO: [VRFC 10-3107] analyzing entity 'design_1_ila_0_0_ltlib_v1_0_0_cfglut6'
INFO: [VRFC 10-3107] analyzing entity 'design_1_ila_0_0_ltlib_v1_0_0_cfglut6_42'
INFO: [VRFC 10-3107] analyzing entity '\design_1_ila_0_0_ltlib_v1_0_0_cfglut6__parameterized0\'
INFO: [VRFC 10-3107] analyzing entity 'design_1_ila_0_0_ltlib_v1_0_0_cfglut7'
INFO: [VRFC 10-3107] analyzing entity 'design_1_ila_0_0_ltlib_v1_0_0_cfglut7_33'
INFO: [VRFC 10-3107] analyzing entity 'design_1_ila_0_0_ltlib_v1_0_0_generic_memrd'
INFO: [VRFC 10-3107] analyzing entity 'design_1_ila_0_0_ltlib_v1_0_0_rising_edge_detection'
INFO: [VRFC 10-3107] analyzing entity 'design_1_ila_0_0_ltlib_v1_0_0_rising_edge_detection_15'
INFO: [VRFC 10-3107] analyzing entity 'design_1_ila_0_0_xsdbs_v1_0_2_reg_ctl'
INFO: [VRFC 10-3107] analyzing entity 'design_1_ila_0_0_xsdbs_v1_0_2_reg_ctl_19'
INFO: [VRFC 10-3107] analyzing entity 'design_1_ila_0_0_xsdbs_v1_0_2_reg_ctl_20'
INFO: [VRFC 10-3107] analyzing entity 'design_1_ila_0_0_xsdbs_v1_0_2_reg_ctl_21'
INFO: [VRFC 10-3107] analyzing entity 'design_1_ila_0_0_xsdbs_v1_0_2_reg_ctl_22'
INFO: [VRFC 10-3107] analyzing entity 'design_1_ila_0_0_xsdbs_v1_0_2_reg_ctl_25'
INFO: [VRFC 10-3107] analyzing entity 'design_1_ila_0_0_xsdbs_v1_0_2_reg_ctl_27'
INFO: [VRFC 10-3107] analyzing entity 'design_1_ila_0_0_xsdbs_v1_0_2_reg_ctl_28'
INFO: [VRFC 10-3107] analyzing entity 'design_1_ila_0_0_xsdbs_v1_0_2_reg_ctl_29'
INFO: [VRFC 10-3107] analyzing entity 'design_1_ila_0_0_xsdbs_v1_0_2_reg_ctl_30'
INFO: [VRFC 10-3107] analyzing entity 'design_1_ila_0_0_xsdbs_v1_0_2_reg_ctl_31'
INFO: [VRFC 10-3107] analyzing entity '\design_1_ila_0_0_xsdbs_v1_0_2_reg_ctl__parameterized0\'
INFO: [VRFC 10-3107] analyzing entity '\design_1_ila_0_0_xsdbs_v1_0_2_reg_ctl__parameterized1\'
INFO: [VRFC 10-3107] analyzing entity '\design_1_ila_0_0_xsdbs_v1_0_2_reg_ctl__parameterized1_23\'
INFO: [VRFC 10-3107] analyzing entity '\design_1_ila_0_0_xsdbs_v1_0_2_reg_ctl__parameterized1_26\'
INFO: [VRFC 10-3107] analyzing entity 'design_1_ila_0_0_xsdbs_v1_0_2_reg_p2s'
INFO: [VRFC 10-3107] analyzing entity '\design_1_ila_0_0_xsdbs_v1_0_2_reg_p2s__parameterized0\'
INFO: [VRFC 10-3107] analyzing entity '\design_1_ila_0_0_xsdbs_v1_0_2_reg_p2s__parameterized1\'
INFO: [VRFC 10-3107] analyzing entity '\design_1_ila_0_0_xsdbs_v1_0_2_reg_p2s__parameterized2\'
INFO: [VRFC 10-3107] analyzing entity '\design_1_ila_0_0_xsdbs_v1_0_2_reg_p2s__parameterized3\'
INFO: [VRFC 10-3107] analyzing entity 'design_1_ila_0_0_xsdbs_v1_0_2_reg_stat'
INFO: [VRFC 10-3107] analyzing entity 'design_1_ila_0_0_xsdbs_v1_0_2_reg_stat_16'
INFO: [VRFC 10-3107] analyzing entity 'design_1_ila_0_0_xsdbs_v1_0_2_reg_stat_17'
INFO: [VRFC 10-3107] analyzing entity 'design_1_ila_0_0_xsdbs_v1_0_2_reg_stat_18'
INFO: [VRFC 10-3107] analyzing entity 'design_1_ila_0_0_xsdbs_v1_0_2_reg_stat_24'
INFO: [VRFC 10-3107] analyzing entity 'design_1_ila_0_0_xsdbs_v1_0_2_reg_stat_32'
INFO: [VRFC 10-3107] analyzing entity 'design_1_ila_0_0_xsdbs_v1_0_2_xsdbs'
INFO: [VRFC 10-3107] analyzing entity 'design_1_ila_0_0_blk_mem_gen_v8_4_4_blk_mem_gen_prim_wrapper'
INFO: [VRFC 10-3107] analyzing entity '\design_1_ila_0_0_blk_mem_gen_v8_4_4_blk_mem_gen_prim_wrapper__parameterized0\'
INFO: [VRFC 10-3107] analyzing entity '\design_1_ila_0_0_blk_mem_gen_v8_4_4_blk_mem_gen_prim_wrapper__parameterized1\'
INFO: [VRFC 10-3107] analyzing entity 'dbg_hub_clk_x_pntrs'
INFO: [VRFC 10-3107] analyzing entity 'dbg_hub_clk_x_pntrs_8'
INFO: [VRFC 10-3107] analyzing entity 'dbg_hub_memory'
INFO: [VRFC 10-3107] analyzing entity '\dbg_hub_memory__parameterized0\'
INFO: [VRFC 10-3107] analyzing entity 'dbg_hub_rd_logic'
INFO: [VRFC 10-3107] analyzing entity '\dbg_hub_rd_logic__parameterized0\'
INFO: [VRFC 10-3107] analyzing entity 'dbg_hub_reset_blk_ramfifo'
INFO: [VRFC 10-3107] analyzing entity 'dbg_hub_reset_blk_ramfifo_9'
INFO: [VRFC 10-3107] analyzing entity 'dbg_hub_wr_logic'
INFO: [VRFC 10-3107] analyzing entity '\dbg_hub_wr_logic__parameterized0\'
INFO: [VRFC 10-3107] analyzing entity 'dbg_hub_xsdbm_v3_0_0_bus_ctl'
INFO: [VRFC 10-3107] analyzing entity 'dbg_hub_xsdbm_v3_0_0_bus_mstr2sl_if'
INFO: [VRFC 10-3107] analyzing entity 'dbg_hub_xsdbm_v3_0_0_icon'
INFO: [VRFC 10-3107] analyzing entity '\design_1_auto_pc_0__axi_protocol_converter_v2_1_21_b2s_b_channel\'
INFO: [VRFC 10-3107] analyzing entity '\design_1_auto_pc_0__axi_protocol_converter_v2_1_21_b2s_cmd_translator\'
INFO: [VRFC 10-3107] analyzing entity '\design_1_auto_pc_0__axi_protocol_converter_v2_1_21_b2s_cmd_translator_1\'
INFO: [VRFC 10-3107] analyzing entity '\design_1_auto_pc_0__axi_protocol_converter_v2_1_21_b2s_r_channel\'
INFO: [VRFC 10-3107] analyzing entity '\design_1_auto_pc_0__axi_register_slice_v2_1_21_axi_register_slice\'
INFO: [VRFC 10-3107] analyzing entity 'design_1_axi_gpio_0_0_GPIO_Core'
INFO: [VRFC 10-3107] analyzing entity 'design_1_axi_gpio_0_0_address_decoder'
INFO: [VRFC 10-3107] analyzing entity 'design_1_p05_dds_0_5_p05_dds'
INFO: [VRFC 10-3107] analyzing entity 'design_1_p05_dds_0_6_p05_dds'
INFO: [VRFC 10-3107] analyzing entity 'design_1_processing_system7_0_0'
INFO: [VRFC 10-3107] analyzing entity '\design_1_rst_ps7_0_100M_0__lpf\'
INFO: [VRFC 10-3107] analyzing entity '\design_1_rst_ps7_0_100M_0__sequence_psr\'
INFO: [VRFC 10-3107] analyzing entity 'design_1_util_vector_logic_0_0'
INFO: [VRFC 10-3107] analyzing entity 'design_1_vio_0_0_vio_v3_0_19_probe_out_all'
INFO: [VRFC 10-3107] analyzing entity 'design_1_ila_0_0_ila_v6_2_11_ila_reset_ctrl'
INFO: [VRFC 10-3107] analyzing entity 'design_1_ila_0_0_ltlib_v1_0_0_all_typeA'
INFO: [VRFC 10-3107] analyzing entity 'design_1_ila_0_0_ltlib_v1_0_0_all_typeA_10'
INFO: [VRFC 10-3107] analyzing entity '\design_1_ila_0_0_ltlib_v1_0_0_all_typeA__parameterized0\'
INFO: [VRFC 10-3107] analyzing entity '\design_1_ila_0_0_ltlib_v1_0_0_all_typeA__parameterized0_5\'
INFO: [VRFC 10-3107] analyzing entity '\design_1_ila_0_0_ltlib_v1_0_0_all_typeA__parameterized1\'
INFO: [VRFC 10-3107] analyzing entity '\design_1_ila_0_0_ltlib_v1_0_0_all_typeA__parameterized1_37\'
INFO: [VRFC 10-3107] analyzing entity '\design_1_ila_0_0_ltlib_v1_0_0_all_typeA__parameterized1_45\'
INFO: [VRFC 10-3107] analyzing entity '\design_1_ila_0_0_xsdbs_v1_0_2_reg__parameterized15\'
INFO: [VRFC 10-3107] analyzing entity '\design_1_ila_0_0_xsdbs_v1_0_2_reg__parameterized16\'
INFO: [VRFC 10-3107] analyzing entity '\design_1_ila_0_0_xsdbs_v1_0_2_reg__parameterized17\'
INFO: [VRFC 10-3107] analyzing entity '\design_1_ila_0_0_xsdbs_v1_0_2_reg__parameterized18\'
INFO: [VRFC 10-3107] analyzing entity '\design_1_ila_0_0_xsdbs_v1_0_2_reg__parameterized30\'
INFO: [VRFC 10-3107] analyzing entity '\design_1_ila_0_0_xsdbs_v1_0_2_reg__parameterized31\'
INFO: [VRFC 10-3107] analyzing entity '\design_1_ila_0_0_xsdbs_v1_0_2_reg__parameterized32\'
INFO: [VRFC 10-3107] analyzing entity '\design_1_ila_0_0_xsdbs_v1_0_2_reg__parameterized33\'
INFO: [VRFC 10-3107] analyzing entity '\design_1_ila_0_0_xsdbs_v1_0_2_reg__parameterized34\'
INFO: [VRFC 10-3107] analyzing entity '\design_1_ila_0_0_xsdbs_v1_0_2_reg__parameterized35\'
INFO: [VRFC 10-3107] analyzing entity '\design_1_ila_0_0_xsdbs_v1_0_2_reg__parameterized36\'
INFO: [VRFC 10-3107] analyzing entity '\design_1_ila_0_0_xsdbs_v1_0_2_reg__parameterized37\'
INFO: [VRFC 10-3107] analyzing entity '\design_1_ila_0_0_xsdbs_v1_0_2_reg__parameterized38\'
INFO: [VRFC 10-3107] analyzing entity '\design_1_ila_0_0_xsdbs_v1_0_2_reg__parameterized39\'
INFO: [VRFC 10-3107] analyzing entity '\design_1_ila_0_0_xsdbs_v1_0_2_reg__parameterized40\'
INFO: [VRFC 10-3107] analyzing entity '\design_1_ila_0_0_xsdbs_v1_0_2_reg__parameterized41\'
INFO: [VRFC 10-3107] analyzing entity '\design_1_ila_0_0_xsdbs_v1_0_2_reg__parameterized43\'
INFO: [VRFC 10-3107] analyzing entity '\design_1_ila_0_0_xsdbs_v1_0_2_reg__parameterized45\'
INFO: [VRFC 10-3107] analyzing entity '\design_1_ila_0_0_xsdbs_v1_0_2_reg__parameterized48\'
INFO: [VRFC 10-3107] analyzing entity 'design_1_ila_0_0_xsdbs_v1_0_2_reg_stream'
INFO: [VRFC 10-3107] analyzing entity '\design_1_ila_0_0_xsdbs_v1_0_2_reg_stream__parameterized0\'
INFO: [VRFC 10-3107] analyzing entity 'design_1_ila_0_0_blk_mem_gen_v8_4_4_blk_mem_gen_prim_width'
INFO: [VRFC 10-3107] analyzing entity '\design_1_ila_0_0_blk_mem_gen_v8_4_4_blk_mem_gen_prim_width__parameterized0\'
INFO: [VRFC 10-3107] analyzing entity '\design_1_ila_0_0_blk_mem_gen_v8_4_4_blk_mem_gen_prim_width__parameterized1\'
INFO: [VRFC 10-3107] analyzing entity 'dbg_hub_fifo_generator_ramfifo'
INFO: [VRFC 10-3107] analyzing entity '\dbg_hub_fifo_generator_ramfifo__parameterized0\'
INFO: [VRFC 10-3107] analyzing entity '\design_1_auto_pc_0__axi_protocol_converter_v2_1_21_b2s_ar_channel\'
INFO: [VRFC 10-3107] analyzing entity '\design_1_auto_pc_0__axi_protocol_converter_v2_1_21_b2s_aw_channel\'
INFO: [VRFC 10-3107] analyzing entity 'design_1_axi_gpio_0_0_slave_attachment'
INFO: [VRFC 10-3107] analyzing entity 'design_1_p05_dds_0_5'
INFO: [VRFC 10-3107] analyzing entity 'design_1_p05_dds_0_6'
INFO: [VRFC 10-3107] analyzing entity '\design_1_rst_ps7_0_100M_0__proc_sys_reset\'
INFO: [VRFC 10-3107] analyzing entity 'design_1_vio_0_0_vio_v3_0_19_vio'
INFO: [VRFC 10-3107] analyzing entity 'design_1_ila_0_0_ila_v6_2_11_ila_register'
INFO: [VRFC 10-3107] analyzing entity 'design_1_ila_0_0_ltlib_v1_0_0_allx_typeA'
INFO: [VRFC 10-3107] analyzing entity '\design_1_ila_0_0_ltlib_v1_0_0_allx_typeA__parameterized0\'
INFO: [VRFC 10-3107] analyzing entity '\design_1_ila_0_0_ltlib_v1_0_0_allx_typeA__parameterized0_4\'
INFO: [VRFC 10-3107] analyzing entity '\design_1_ila_0_0_ltlib_v1_0_0_allx_typeA__parameterized1\'
INFO: [VRFC 10-3107] analyzing entity 'design_1_ila_0_0_ltlib_v1_0_0_allx_typeA_nodelay'
INFO: [VRFC 10-3107] analyzing entity 'design_1_ila_0_0_ltlib_v1_0_0_allx_typeA_nodelay_36'
INFO: [VRFC 10-3107] analyzing entity 'design_1_ila_0_0_ltlib_v1_0_0_allx_typeA_nodelay_44'
INFO: [VRFC 10-3107] analyzing entity 'design_1_ila_0_0_blk_mem_gen_v8_4_4_blk_mem_gen_generic_cstr'
INFO: [VRFC 10-3107] analyzing entity 'dbg_hub_fifo_generator_top'
INFO: [VRFC 10-3107] analyzing entity '\dbg_hub_fifo_generator_top__parameterized0\'
INFO: [VRFC 10-3107] analyzing entity '\design_1_auto_pc_0__axi_protocol_converter_v2_1_21_b2s\'
INFO: [VRFC 10-3107] analyzing entity 'design_1_axi_gpio_0_0_axi_lite_ipif'
INFO: [VRFC 10-3107] analyzing entity 'design_1_rst_ps7_0_100M_0'
INFO: [VRFC 10-3107] analyzing entity 'design_1_vio_0_0'
INFO: [VRFC 10-3107] analyzing entity 'design_1_ila_0_0_ltlib_v1_0_0_match'
INFO: [VRFC 10-3107] analyzing entity '\design_1_ila_0_0_ltlib_v1_0_0_match__parameterized0\'
INFO: [VRFC 10-3107] analyzing entity '\design_1_ila_0_0_ltlib_v1_0_0_match__parameterized0_0\'
INFO: [VRFC 10-3107] analyzing entity '\design_1_ila_0_0_ltlib_v1_0_0_match__parameterized1\'
INFO: [VRFC 10-3107] analyzing entity 'design_1_ila_0_0_ltlib_v1_0_0_match_nodelay'
INFO: [VRFC 10-3107] analyzing entity 'design_1_ila_0_0_ltlib_v1_0_0_match_nodelay_35'
INFO: [VRFC 10-3107] analyzing entity 'design_1_ila_0_0_ltlib_v1_0_0_match_nodelay_43'
INFO: [VRFC 10-3107] analyzing entity 'design_1_ila_0_0_blk_mem_gen_v8_4_4_blk_mem_gen_top'
INFO: [VRFC 10-3107] analyzing entity 'dbg_hub_fifo_generator_v13_1_4_synth'
INFO: [VRFC 10-3107] analyzing entity '\dbg_hub_fifo_generator_v13_1_4_synth__parameterized0\'
INFO: [VRFC 10-3107] analyzing entity '\design_1_auto_pc_0__axi_protocol_converter_v2_1_21_axi_protocol_converter\'
INFO: [VRFC 10-3107] analyzing entity 'design_1_axi_gpio_0_0_axi_gpio'
INFO: [VRFC 10-3107] analyzing entity 'design_1_ila_0_0_ila_v6_2_11_ila_cap_sample_counter'
INFO: [VRFC 10-3107] analyzing entity 'design_1_ila_0_0_ila_v6_2_11_ila_cap_window_counter'
INFO: [VRFC 10-3107] analyzing entity 'design_1_ila_0_0_ila_v6_2_11_ila_trig_match'
INFO: [VRFC 10-3107] analyzing entity 'design_1_ila_0_0_blk_mem_gen_v8_4_4_synth'
INFO: [VRFC 10-3107] analyzing entity 'dbg_hub_fifo_generator_v13_1_4'
INFO: [VRFC 10-3107] analyzing entity '\dbg_hub_fifo_generator_v13_1_4__parameterized0\'
INFO: [VRFC 10-3107] analyzing entity 'design_1_auto_pc_0'
INFO: [VRFC 10-3107] analyzing entity 'design_1_axi_gpio_0_0'
INFO: [VRFC 10-3107] analyzing entity 'design_1_ila_0_0_ila_v6_2_11_ila_cap_addrgen'
INFO: [VRFC 10-3107] analyzing entity 'design_1_ila_0_0_ila_v6_2_11_ila_trigger'
INFO: [VRFC 10-3107] analyzing entity 'design_1_ila_0_0_blk_mem_gen_v8_4_4'
INFO: [VRFC 10-3107] analyzing entity 'dbg_hub_xsdbm_v3_0_0_rdfifo'
INFO: [VRFC 10-3107] analyzing entity 'dbg_hub_xsdbm_v3_0_0_wrfifo'
INFO: [VRFC 10-3107] analyzing entity 's00_couplers_imp_UYSKKA'
INFO: [VRFC 10-3107] analyzing entity 'design_1_ila_0_0_ila_v6_2_11_ila_cap_ctrl_legacy'
INFO: [VRFC 10-3107] analyzing entity 'design_1_ila_0_0_ila_v6_2_11_ila_trace_memory'
INFO: [VRFC 10-3107] analyzing entity 'dbg_hub_xsdbm_v3_0_0_rdreg'
INFO: [VRFC 10-3107] analyzing entity 'dbg_hub_xsdbm_v3_0_0_wrreg'
INFO: [VRFC 10-3107] analyzing entity 'design_1_ps7_0_axi_periph_0'
INFO: [VRFC 10-3107] analyzing entity 'design_1_ila_0_0_ila_v6_2_11_ila_core'
INFO: [VRFC 10-3107] analyzing entity 'dbg_hub_xsdbm_v3_0_0_if'
INFO: [VRFC 10-3107] analyzing entity 'design_1_ila_0_0_ila_v6_2_11_ila'
INFO: [VRFC 10-3107] analyzing entity 'dbg_hub_xsdbm_v3_0_0_icon2xsdb'
INFO: [VRFC 10-3107] analyzing entity 'design_1_ila_0_0'
INFO: [VRFC 10-3107] analyzing entity 'dbg_hub_xsdbm_v3_0_0_xsdbm_id'
INFO: [VRFC 10-3107] analyzing entity 'design_1'
INFO: [VRFC 10-3107] analyzing entity 'dbg_hub_xsdbm_v3_0_0_xsdbm'
INFO: [VRFC 10-3107] analyzing entity 'dbg_hub'
INFO: [VRFC 10-3107] analyzing entity 'design_1_wrapper'
INFO: [VRFC 10-163] Analyzing VHDL file "C:/Users/arify/WorkSpace/ZEDboard_vhdlNc/project_06/project_06.srcs/sources_1/imports/new/pck_log.vhd" into library xil_defaultlib
INFO: [VRFC 10-163] Analyzing VHDL file "C:/Users/arify/WorkSpace/ZEDboard_vhdlNc/project_06/project_06.srcs/sources_1/imports/new/p05_accum.vhd" into library xil_defaultlib
INFO: [VRFC 10-3107] analyzing entity 'p05_accum'
INFO: [VRFC 10-163] Analyzing VHDL file "C:/Users/arify/WorkSpace/ZEDboard_vhdlNc/project_06/project_06.srcs/sources_1/imports/new/rom_file.vhd" into library xil_defaultlib
INFO: [VRFC 10-3107] analyzing entity 'rom_file'
INFO: [VRFC 10-163] Analyzing VHDL file "C:/Users/arify/WorkSpace/ZEDboard_vhdlNc/project_06/project_06.srcs/sources_1/imports/new/p05_dds.vhd" into library xil_defaultlib
INFO: [VRFC 10-3107] analyzing entity 'p05_dds'
