
*** Running vivado
    with args -log design_02_t07_debounce_PWMcont_0_0.vds -m64 -product Vivado -mode batch -messageDb vivado.pb -notrace -source design_02_t07_debounce_PWMcont_0_0.tcl



****** Vivado v2020.1 (64-bit)
  **** SW Build 2902540 on Wed May 27 19:54:49 MDT 2020
  **** IP Build 2902112 on Wed May 27 22:43:36 MDT 2020
    ** Copyright 1986-2020 Xilinx, Inc. All Rights Reserved.

source design_02_t07_debounce_PWMcont_0_0.tcl -notrace
INFO: [IP_Flow 19-234] Refreshing IP repositories
INFO: [IP_Flow 19-1700] Loaded user IP repository 'c:/Users/arify/WorkSpace/ZEDboard_vhdlNc/ip_repo'.
INFO: [IP_Flow 19-2313] Loaded Vivado IP repository 'C:/Users/arify/Prog_4_user/Xlixv20_1/Vivado/2020.1/data/ip'.
Command: synth_design -top design_02_t07_debounce_PWMcont_0_0 -part xc7z020clg484-1 -mode out_of_context
Starting synth_design
WARNING: [IP_Flow 19-3571] IP 'design_02_t07_debounce_PWMcont_0_0' is restricted:
* Module reference is stale and needs refreshing.
Attempting to get a license for feature 'Synthesis' and/or device 'xc7z020'
INFO: [Common 17-349] Got license for feature 'Synthesis' and/or device 'xc7z020'
INFO: [Device 21-403] Loading part xc7z020clg484-1
INFO: [Synth 8-7079] Multithreading enabled for synth_design using a maximum of 2 processes.
INFO: [Synth 8-7078] Launching helper process for spawning children vivado processes
INFO: [Synth 8-7075] Helper process launched with PID 10948
---------------------------------------------------------------------------------
Starting RTL Elaboration : Time (s): cpu = 00:00:03 ; elapsed = 00:00:05 . Memory (MB): peak = 1100.723 ; gain = 0.000
---------------------------------------------------------------------------------
INFO: [Synth 8-638] synthesizing module 'design_02_t07_debounce_PWMcont_0_0' [c:/Users/arify/WorkSpace/ZEDboard_vhdlNc/project_08/project_08.srcs/sources_1/bd/design_02/ip/design_02_t07_debounce_PWMcont_0_0/synth/design_02_t07_debounce_PWMcont_0_0.vhd:68]
	Parameter step_bit bound to: 3 - type: integer 
	Parameter step_size bound to: 8 - type: integer 
INFO: [Synth 8-3491] module 't07_debounce_PWMcontrol' declared at 'C:/Users/arify/WorkSpace/ZEDboard_vhdlNc/project_08/project_08.srcs/sources_1/imports/new/t07_debounce_PWMcontrol.vhd:34' bound to instance 'U0' of component 't07_debounce_PWMcontrol' [c:/Users/arify/WorkSpace/ZEDboard_vhdlNc/project_08/project_08.srcs/sources_1/bd/design_02/ip/design_02_t07_debounce_PWMcont_0_0/synth/design_02_t07_debounce_PWMcont_0_0.vhd:99]
INFO: [Synth 8-638] synthesizing module 't07_debounce_PWMcontrol' [C:/Users/arify/WorkSpace/ZEDboard_vhdlNc/project_08/project_08.srcs/sources_1/imports/new/t07_debounce_PWMcontrol.vhd:50]
	Parameter step_bit bound to: 3 - type: integer 
	Parameter step_size bound to: 8 - type: integer 
WARNING: [Synth 8-614] signal 'S_pwm_o' is read in the process but is not in the sensitivity list [C:/Users/arify/WorkSpace/ZEDboard_vhdlNc/project_08/project_08.srcs/sources_1/imports/new/t07_debounce_PWMcontrol.vhd:78]
WARNING: [Synth 8-614] signal 'Led_pwm_val' is read in the process but is not in the sensitivity list [C:/Users/arify/WorkSpace/ZEDboard_vhdlNc/project_08/project_08.srcs/sources_1/imports/new/t07_debounce_PWMcontrol.vhd:134]
WARNING: [Synth 8-614] signal 'S_activ' is read in the process but is not in the sensitivity list [C:/Users/arify/WorkSpace/ZEDboard_vhdlNc/project_08/project_08.srcs/sources_1/imports/new/t07_debounce_PWMcontrol.vhd:134]
INFO: [Synth 8-256] done synthesizing module 't07_debounce_PWMcontrol' (1#1) [C:/Users/arify/WorkSpace/ZEDboard_vhdlNc/project_08/project_08.srcs/sources_1/imports/new/t07_debounce_PWMcontrol.vhd:50]
INFO: [Synth 8-256] done synthesizing module 'design_02_t07_debounce_PWMcont_0_0' (2#1) [c:/Users/arify/WorkSpace/ZEDboard_vhdlNc/project_08/project_08.srcs/sources_1/bd/design_02/ip/design_02_t07_debounce_PWMcont_0_0/synth/design_02_t07_debounce_PWMcont_0_0.vhd:68]
---------------------------------------------------------------------------------
Finished RTL Elaboration : Time (s): cpu = 00:00:03 ; elapsed = 00:00:06 . Memory (MB): peak = 1100.723 ; gain = 0.000
---------------------------------------------------------------------------------
---------------------------------------------------------------------------------
Start Handling Custom Attributes
---------------------------------------------------------------------------------
---------------------------------------------------------------------------------
Finished Handling Custom Attributes : Time (s): cpu = 00:00:04 ; elapsed = 00:00:08 . Memory (MB): peak = 1100.723 ; gain = 0.000
---------------------------------------------------------------------------------
---------------------------------------------------------------------------------
Finished RTL Optimization Phase 1 : Time (s): cpu = 00:00:04 ; elapsed = 00:00:08 . Memory (MB): peak = 1100.723 ; gain = 0.000
---------------------------------------------------------------------------------
Netlist sorting complete. Time (s): cpu = 00:00:00 ; elapsed = 00:00:00.001 . Memory (MB): peak = 1100.723 ; gain = 0.000
INFO: [Project 1-570] Preparing netlist for logic optimization

Processing XDC Constraints
Initializing timing engine
Completed Processing XDC Constraints

Netlist sorting complete. Time (s): cpu = 00:00:00 ; elapsed = 00:00:00 . Memory (MB): peak = 1203.734 ; gain = 0.000
INFO: [Project 1-111] Unisim Transformation Summary:
No Unisim elements were transformed.

Constraint Validation Runtime : Time (s): cpu = 00:00:00 ; elapsed = 00:00:00.022 . Memory (MB): peak = 1203.750 ; gain = 0.016
---------------------------------------------------------------------------------
Finished Constraint Validation : Time (s): cpu = 00:00:08 ; elapsed = 00:00:16 . Memory (MB): peak = 1203.750 ; gain = 103.027
---------------------------------------------------------------------------------
---------------------------------------------------------------------------------
Start Loading Part and Timing Information
---------------------------------------------------------------------------------
Loading part: xc7z020clg484-1
---------------------------------------------------------------------------------
Finished Loading Part and Timing Information : Time (s): cpu = 00:00:08 ; elapsed = 00:00:16 . Memory (MB): peak = 1203.750 ; gain = 103.027
---------------------------------------------------------------------------------
---------------------------------------------------------------------------------
Start Applying 'set_property' XDC Constraints
---------------------------------------------------------------------------------
---------------------------------------------------------------------------------
Finished applying 'set_property' XDC Constraints : Time (s): cpu = 00:00:08 ; elapsed = 00:00:16 . Memory (MB): peak = 1203.750 ; gain = 103.027
---------------------------------------------------------------------------------
---------------------------------------------------------------------------------
Finished RTL Optimization Phase 2 : Time (s): cpu = 00:00:08 ; elapsed = 00:00:16 . Memory (MB): peak = 1203.750 ; gain = 103.027
---------------------------------------------------------------------------------
---------------------------------------------------------------------------------
Start RTL Component Statistics 
---------------------------------------------------------------------------------
Detailed RTL Component Info : 
+---Adders : 
	   2 Input    3 Bit       Adders := 2     
+---Registers : 
	                8 Bit    Registers := 1     
	                3 Bit    Registers := 9     
	                1 Bit    Registers := 2     
+---Muxes : 
	   2 Input    3 Bit        Muxes := 1     
	   2 Input    2 Bit        Muxes := 1     
	   2 Input    1 Bit        Muxes := 16    
---------------------------------------------------------------------------------
Finished RTL Component Statistics 
---------------------------------------------------------------------------------
---------------------------------------------------------------------------------
Start Part Resource Summary
---------------------------------------------------------------------------------
Part Resources:
DSPs: 220 (col length:60)
BRAMs: 280 (col length: RAMB18 60 RAMB36 30)
---------------------------------------------------------------------------------
Finished Part Resource Summary
---------------------------------------------------------------------------------
---------------------------------------------------------------------------------
Start Cross Boundary and Area Optimization
---------------------------------------------------------------------------------
---------------------------------------------------------------------------------
Finished Cross Boundary and Area Optimization : Time (s): cpu = 00:00:08 ; elapsed = 00:00:18 . Memory (MB): peak = 1203.750 ; gain = 103.027
---------------------------------------------------------------------------------
---------------------------------------------------------------------------------
Start Applying XDC Timing Constraints
---------------------------------------------------------------------------------
---------------------------------------------------------------------------------
Finished Applying XDC Timing Constraints : Time (s): cpu = 00:00:14 ; elapsed = 00:00:27 . Memory (MB): peak = 1203.750 ; gain = 103.027
---------------------------------------------------------------------------------
---------------------------------------------------------------------------------
Start Timing Optimization
---------------------------------------------------------------------------------
---------------------------------------------------------------------------------
Finished Timing Optimization : Time (s): cpu = 00:00:14 ; elapsed = 00:00:27 . Memory (MB): peak = 1203.750 ; gain = 103.027
---------------------------------------------------------------------------------
---------------------------------------------------------------------------------
Start Technology Mapping
---------------------------------------------------------------------------------
---------------------------------------------------------------------------------
Finished Technology Mapping : Time (s): cpu = 00:00:14 ; elapsed = 00:00:27 . Memory (MB): peak = 1217.023 ; gain = 116.301
---------------------------------------------------------------------------------
---------------------------------------------------------------------------------
Start IO Insertion
---------------------------------------------------------------------------------
---------------------------------------------------------------------------------
Start Flattening Before IO Insertion
---------------------------------------------------------------------------------
---------------------------------------------------------------------------------
Finished Flattening Before IO Insertion
---------------------------------------------------------------------------------
---------------------------------------------------------------------------------
Start Final Netlist Cleanup
---------------------------------------------------------------------------------
---------------------------------------------------------------------------------
Finished Final Netlist Cleanup
---------------------------------------------------------------------------------
---------------------------------------------------------------------------------
Finished IO Insertion : Time (s): cpu = 00:00:16 ; elapsed = 00:00:30 . Memory (MB): peak = 1217.023 ; gain = 116.301
---------------------------------------------------------------------------------
---------------------------------------------------------------------------------
Start Renaming Generated Instances
---------------------------------------------------------------------------------
---------------------------------------------------------------------------------
Finished Renaming Generated Instances : Time (s): cpu = 00:00:16 ; elapsed = 00:00:30 . Memory (MB): peak = 1217.023 ; gain = 116.301
---------------------------------------------------------------------------------
---------------------------------------------------------------------------------
Start Rebuilding User Hierarchy
---------------------------------------------------------------------------------
---------------------------------------------------------------------------------
Finished Rebuilding User Hierarchy : Time (s): cpu = 00:00:16 ; elapsed = 00:00:30 . Memory (MB): peak = 1217.023 ; gain = 116.301
---------------------------------------------------------------------------------
---------------------------------------------------------------------------------
Start Renaming Generated Ports
---------------------------------------------------------------------------------
---------------------------------------------------------------------------------
Finished Renaming Generated Ports : Time (s): cpu = 00:00:16 ; elapsed = 00:00:30 . Memory (MB): peak = 1217.023 ; gain = 116.301
---------------------------------------------------------------------------------
---------------------------------------------------------------------------------
Start Handling Custom Attributes
---------------------------------------------------------------------------------
---------------------------------------------------------------------------------
Finished Handling Custom Attributes : Time (s): cpu = 00:00:16 ; elapsed = 00:00:30 . Memory (MB): peak = 1217.023 ; gain = 116.301
---------------------------------------------------------------------------------
---------------------------------------------------------------------------------
Start Renaming Generated Nets
---------------------------------------------------------------------------------
---------------------------------------------------------------------------------
Finished Renaming Generated Nets : Time (s): cpu = 00:00:16 ; elapsed = 00:00:30 . Memory (MB): peak = 1217.023 ; gain = 116.301
---------------------------------------------------------------------------------
---------------------------------------------------------------------------------
Start Writing Synthesis Report
---------------------------------------------------------------------------------

Report BlackBoxes: 
+-+--------------+----------+
| |BlackBox name |Instances |
+-+--------------+----------+
+-+--------------+----------+

Report Cell Usage: 
+------+------+------+
|      |Cell  |Count |
+------+------+------+
|1     |LUT1  |     1|
|2     |LUT2  |     2|
|3     |LUT3  |     9|
|4     |LUT4  |     1|
|5     |LUT6  |    38|
|6     |MUXF7 |     3|
|7     |FDRE  |    37|
+------+------+------+
---------------------------------------------------------------------------------
Finished Writing Synthesis Report : Time (s): cpu = 00:00:16 ; elapsed = 00:00:30 . Memory (MB): peak = 1217.023 ; gain = 116.301
---------------------------------------------------------------------------------
Synthesis finished with 0 errors, 0 critical warnings and 0 warnings.
Synthesis Optimization Runtime : Time (s): cpu = 00:00:11 ; elapsed = 00:00:28 . Memory (MB): peak = 1217.023 ; gain = 13.273
Synthesis Optimization Complete : Time (s): cpu = 00:00:16 ; elapsed = 00:00:30 . Memory (MB): peak = 1217.023 ; gain = 116.301
INFO: [Project 1-571] Translating synthesized netlist
Netlist sorting complete. Time (s): cpu = 00:00:00 ; elapsed = 00:00:00.002 . Memory (MB): peak = 1226.359 ; gain = 0.000
INFO: [Netlist 29-17] Analyzing 3 Unisim elements for replacement
INFO: [Netlist 29-28] Unisim Transformation completed in 0 CPU seconds
INFO: [Project 1-570] Preparing netlist for logic optimization
INFO: [Opt 31-138] Pushed 0 inverter(s) to 0 load pin(s).
Netlist sorting complete. Time (s): cpu = 00:00:00 ; elapsed = 00:00:00 . Memory (MB): peak = 1229.848 ; gain = 0.000
INFO: [Project 1-111] Unisim Transformation Summary:
No Unisim elements were transformed.

INFO: [Common 17-83] Releasing license: Synthesis
22 Infos, 4 Warnings, 0 Critical Warnings and 0 Errors encountered.
synth_design completed successfully
synth_design: Time (s): cpu = 00:00:19 ; elapsed = 00:00:38 . Memory (MB): peak = 1229.848 ; gain = 129.125
INFO: [Common 17-1381] The checkpoint 'C:/Users/arify/WorkSpace/ZEDboard_vhdlNc/project_08/project_08.runs/design_02_t07_debounce_PWMcont_0_0_synth_1/design_02_t07_debounce_PWMcont_0_0.dcp' has been generated.
WARNING: [Common 17-576] 'use_project_ipc' is deprecated. This option is deprecated and no longer used.
INFO: [Common 17-1381] The checkpoint 'C:/Users/arify/WorkSpace/ZEDboard_vhdlNc/project_08/project_08.runs/design_02_t07_debounce_PWMcont_0_0_synth_1/design_02_t07_debounce_PWMcont_0_0.dcp' has been generated.
INFO: [runtcl-4] Executing : report_utilization -file design_02_t07_debounce_PWMcont_0_0_utilization_synth.rpt -pb design_02_t07_debounce_PWMcont_0_0_utilization_synth.pb
INFO: [Common 17-206] Exiting Vivado at Mon Sep  2 11:20:01 2024...
